<?xml version="1.0" encoding="UTF-8"?>
<coverage generated="1773862479350" clover="3.2.0">
  <project timestamp="1773862479350" name="All files">
    <metrics statements="960" coveredstatements="955" conditionals="282" coveredconditionals="250" methods="83" coveredmethods="83" elements="1325" coveredelements="1288" complexity="0" loc="960" ncloc="960" packages="1" files="11" classes="11"/>
    <file name="approvals.ts" path="/Users/svenloth/dev/atap/sdks/javascript/src/approvals.ts">
      <metrics statements="80" coveredstatements="80" conditionals="26" coveredconditionals="23" methods="7" coveredmethods="7"/>
      <line num="9" count="1" type="cond" truecount="1" falsecount="0"/>
      <line num="10" count="73" type="stmt"/>
      <line num="12" count="73" type="cond" truecount="1" falsecount="0"/>
      <line num="13" count="73" type="stmt"/>
      <line num="14" count="73" type="stmt"/>
      <line num="24" count="73" type="cond" truecount="1" falsecount="0"/>
      <line num="25" count="2" type="stmt"/>
      <line num="26" count="2" type="stmt"/>
      <line num="27" count="2" type="stmt"/>
      <line num="28" count="2" type="stmt"/>
      <line num="29" count="2" type="stmt"/>
      <line num="30" count="2" type="stmt"/>
      <line num="31" count="2" type="stmt"/>
      <line num="32" count="2" type="stmt"/>
      <line num="33" count="2" type="stmt"/>
      <line num="34" count="2" type="stmt"/>
      <line num="35" count="2" type="stmt"/>
      <line num="36" count="2" type="cond" truecount="1" falsecount="0"/>
      <line num="37" count="2" type="stmt"/>
      <line num="38" count="2" type="stmt"/>
      <line num="39" count="2" type="cond" truecount="1" falsecount="0"/>
      <line num="41" count="2" type="stmt"/>
      <line num="42" count="2" type="stmt"/>
      <line num="43" count="2" type="stmt"/>
      <line num="44" count="2" type="stmt"/>
      <line num="45" count="2" type="stmt"/>
      <line num="53" count="73" type="cond" truecount="1" falsecount="0"/>
      <line num="54" count="5" type="stmt"/>
      <line num="55" count="5" type="stmt"/>
      <line num="56" count="5" type="stmt"/>
      <line num="57" count="5" type="stmt"/>
      <line num="58" count="5" type="stmt"/>
      <line num="59" count="5" type="stmt"/>
      <line num="60" count="5" type="stmt"/>
      <line num="63" count="73" type="cond" truecount="1" falsecount="0"/>
      <line num="64" count="4" type="stmt"/>
      <line num="65" count="4" type="cond" truecount="1" falsecount="0"/>
      <line num="66" count="1" type="stmt"/>
      <line num="67" count="1" type="cond" truecount="1" falsecount="0"/>
      <line num="68" count="3" type="stmt"/>
      <line num="69" count="3" type="cond" truecount="1" falsecount="0"/>
      <line num="70" count="2" type="cond" truecount="1" falsecount="0"/>
      <line num="71" count="1" type="stmt"/>
      <line num="72" count="4" type="stmt"/>
      <line num="73" count="4" type="stmt"/>
      <line num="76" count="73" type="cond" truecount="1" falsecount="0"/>
      <line num="77" count="1" type="stmt"/>
      <line num="78" count="1" type="stmt"/>
      <line num="79" count="1" type="stmt"/>
      <line num="80" count="1" type="stmt"/>
      <line num="81" count="1" type="stmt"/>
      <line num="82" count="1" type="stmt"/>
      <line num="83" count="73" type="stmt"/>
      <line num="85" count="1" type="cond" truecount="1" falsecount="0"/>
      <line num="86" count="12" type="stmt"/>
      <line num="87" count="12" type="cond" truecount="1" falsecount="0"/>
      <line num="88" count="10" type="stmt"/>
      <line num="89" count="10" type="stmt"/>
      <line num="90" count="10" type="cond" truecount="0" falsecount="1"/>
      <line num="91" count="10" type="cond" truecount="0" falsecount="1"/>
      <line num="92" count="10" type="cond" truecount="1" falsecount="0"/>
      <line num="93" count="10" type="stmt"/>
      <line num="94" count="10" type="stmt"/>
      <line num="95" count="10" type="stmt"/>
      <line num="96" count="12" type="stmt"/>
      <line num="97" count="12" type="cond" truecount="0" falsecount="1"/>
      <line num="98" count="12" type="cond" truecount="1" falsecount="0"/>
      <line num="99" count="12" type="cond" truecount="1" falsecount="0"/>
      <line num="100" count="12" type="stmt"/>
      <line num="101" count="12" type="cond" truecount="1" falsecount="0"/>
      <line num="102" count="12" type="cond" truecount="1" falsecount="0"/>
      <line num="103" count="12" type="cond" truecount="1" falsecount="0"/>
      <line num="104" count="12" type="cond" truecount="1" falsecount="0"/>
      <line num="105" count="12" type="stmt"/>
      <line num="106" count="12" type="cond" truecount="1" falsecount="0"/>
      <line num="107" count="12" type="cond" truecount="1" falsecount="0"/>
      <line num="108" count="12" type="stmt"/>
      <line num="109" count="12" type="stmt"/>
      <line num="110" count="12" type="stmt"/>
      <line num="111" count="12" type="stmt"/>
    </file>
    <file name="client.ts" path="/Users/svenloth/dev/atap/sdks/javascript/src/client.ts">
      <metrics statements="84" coveredstatements="84" conditionals="23" coveredconditionals="23" methods="4" coveredmethods="4"/>
      <line num="5" count="1" type="stmt"/>
      <line num="6" count="1" type="stmt"/>
      <line num="7" count="1" type="stmt"/>
      <line num="8" count="1" type="stmt"/>
      <line num="9" count="1" type="stmt"/>
      <line num="10" count="1" type="stmt"/>
      <line num="11" count="1" type="stmt"/>
      <line num="13" count="1" type="stmt"/>
      <line num="14" count="1" type="stmt"/>
      <line num="61" count="1" type="cond" truecount="1" falsecount="0"/>
      <line num="63" count="73" type="stmt"/>
      <line num="64" count="73" type="stmt"/>
      <line num="65" count="73" type="stmt"/>
      <line num="66" count="73" type="stmt"/>
      <line num="67" count="73" type="stmt"/>
      <line num="69" count="73" type="stmt"/>
      <line num="70" count="73" type="stmt"/>
      <line num="71" count="73" type="stmt"/>
      <line num="72" count="73" type="stmt"/>
      <line num="73" count="73" type="stmt"/>
      <line num="74" count="73" type="stmt"/>
      <line num="76" count="73" type="cond" truecount="1" falsecount="0"/>
      <line num="77" count="73" type="cond" truecount="1" falsecount="0"/>
      <line num="78" count="73" type="stmt"/>
      <line num="80" count="73" type="stmt"/>
      <line num="81" count="73" type="cond" truecount="1" falsecount="0"/>
      <line num="82" count="73" type="stmt"/>
      <line num="83" count="73" type="cond" truecount="1" falsecount="0"/>
      <line num="84" count="72" type="cond" truecount="2" falsecount="0"/>
      <line num="86" count="73" type="cond" truecount="2" falsecount="0"/>
      <line num="87" count="41" type="stmt"/>
      <line num="88" count="71" type="cond" truecount="2" falsecount="0"/>
      <line num="89" count="2" type="stmt"/>
      <line num="90" count="32" type="cond" truecount="1" falsecount="0"/>
      <line num="91" count="30" type="stmt"/>
      <line num="92" count="30" type="stmt"/>
      <line num="94" count="73" type="cond" truecount="3" falsecount="0"/>
      <line num="95" count="43" type="stmt"/>
      <line num="96" count="43" type="stmt"/>
      <line num="97" count="43" type="stmt"/>
      <line num="98" count="43" type="stmt"/>
      <line num="99" count="43" type="stmt"/>
      <line num="100" count="43" type="stmt"/>
      <line num="101" count="43" type="stmt"/>
      <line num="102" count="43" type="stmt"/>
      <line num="103" count="71" type="cond" truecount="1" falsecount="0"/>
      <line num="104" count="30" type="stmt"/>
      <line num="105" count="30" type="stmt"/>
      <line num="108" count="73" type="stmt"/>
      <line num="109" count="73" type="stmt"/>
      <line num="110" count="73" type="stmt"/>
      <line num="111" count="73" type="stmt"/>
      <line num="112" count="73" type="stmt"/>
      <line num="113" count="73" type="stmt"/>
      <line num="114" count="73" type="stmt"/>
      <line num="117" count="73" type="cond" truecount="1" falsecount="0"/>
      <line num="118" count="5" type="cond" truecount="1" falsecount="0"/>
      <line num="119" count="1" type="stmt"/>
      <line num="120" count="1" type="stmt"/>
      <line num="121" count="1" type="stmt"/>
      <line num="122" count="1" type="cond" truecount="1" falsecount="0"/>
      <line num="123" count="4" type="stmt"/>
      <line num="124" count="5" type="stmt"/>
      <line num="127" count="73" type="cond" truecount="1" falsecount="0"/>
      <line num="128" count="40" type="stmt"/>
      <line num="129" count="40" type="stmt"/>
      <line num="130" count="40" type="stmt"/>
      <line num="131" count="40" type="stmt"/>
      <line num="132" count="40" type="cond" truecount="2" falsecount="0"/>
      <line num="133" count="1" type="stmt"/>
      <line num="134" count="1" type="stmt"/>
      <line num="135" count="1" type="stmt"/>
      <line num="136" count="1" type="cond" truecount="1" falsecount="0"/>
      <line num="138" count="39" type="stmt"/>
      <line num="139" count="39" type="stmt"/>
      <line num="140" count="39" type="stmt"/>
      <line num="141" count="39" type="stmt"/>
      <line num="142" count="39" type="stmt"/>
      <line num="143" count="39" type="stmt"/>
      <line num="144" count="39" type="stmt"/>
      <line num="145" count="39" type="stmt"/>
      <line num="146" count="39" type="stmt"/>
      <line num="147" count="40" type="stmt"/>
      <line num="148" count="73" type="stmt"/>
    </file>
    <file name="credentials.ts" path="/Users/svenloth/dev/atap/sdks/javascript/src/credentials.ts">
      <metrics statements="76" coveredstatements="76" conditionals="20" coveredconditionals="18" methods="10" coveredmethods="10"/>
      <line num="9" count="1" type="cond" truecount="1" falsecount="0"/>
      <line num="10" count="73" type="stmt"/>
      <line num="12" count="73" type="cond" truecount="1" falsecount="0"/>
      <line num="13" count="73" type="stmt"/>
      <line num="14" count="73" type="stmt"/>
      <line num="22" count="73" type="cond" truecount="1" falsecount="0"/>
      <line num="23" count="2" type="stmt"/>
      <line num="24" count="2" type="stmt"/>
      <line num="25" count="2" type="stmt"/>
      <line num="26" count="2" type="stmt"/>
      <line num="27" count="2" type="stmt"/>
      <line num="28" count="2" type="cond" truecount="1" falsecount="0"/>
      <line num="29" count="2" type="stmt"/>
      <line num="38" count="73" type="cond" truecount="1" falsecount="0"/>
      <line num="39" count="3" type="stmt"/>
      <line num="40" count="3" type="stmt"/>
      <line num="41" count="3" type="stmt"/>
      <line num="42" count="3" type="stmt"/>
      <line num="43" count="3" type="stmt"/>
      <line num="44" count="3" type="stmt"/>
      <line num="45" count="3" type="stmt"/>
      <line num="53" count="73" type="cond" truecount="1" falsecount="0"/>
      <line num="54" count="1" type="stmt"/>
      <line num="55" count="1" type="stmt"/>
      <line num="56" count="1" type="stmt"/>
      <line num="57" count="1" type="stmt"/>
      <line num="58" count="1" type="stmt"/>
      <line num="59" count="1" type="cond" truecount="0" falsecount="1"/>
      <line num="60" count="1" type="stmt"/>
      <line num="69" count="73" type="cond" truecount="1" falsecount="0"/>
      <line num="70" count="1" type="stmt"/>
      <line num="71" count="1" type="stmt"/>
      <line num="72" count="1" type="stmt"/>
      <line num="73" count="1" type="stmt"/>
      <line num="74" count="1" type="stmt"/>
      <line num="75" count="1" type="stmt"/>
      <line num="76" count="1" type="stmt"/>
      <line num="84" count="73" type="cond" truecount="1" falsecount="0"/>
      <line num="85" count="2" type="stmt"/>
      <line num="86" count="2" type="stmt"/>
      <line num="87" count="2" type="stmt"/>
      <line num="88" count="2" type="cond" truecount="1" falsecount="0"/>
      <line num="90" count="2" type="stmt"/>
      <line num="91" count="2" type="stmt"/>
      <line num="92" count="2" type="stmt"/>
      <line num="93" count="2" type="stmt"/>
      <line num="94" count="2" type="stmt"/>
      <line num="95" count="2" type="stmt"/>
      <line num="96" count="2" type="stmt"/>
      <line num="99" count="73" type="cond" truecount="1" falsecount="0"/>
      <line num="100" count="3" type="stmt"/>
      <line num="101" count="3" type="cond" truecount="2" falsecount="0"/>
      <line num="102" count="1" type="stmt"/>
      <line num="103" count="1" type="stmt"/>
      <line num="104" count="3" type="cond" truecount="0" falsecount="1"/>
      <line num="105" count="3" type="stmt"/>
      <line num="106" count="3" type="stmt"/>
      <line num="107" count="3" type="stmt"/>
      <line num="114" count="73" type="cond" truecount="1" falsecount="0"/>
      <line num="115" count="2" type="stmt"/>
      <line num="116" count="2" type="stmt"/>
      <line num="117" count="2" type="stmt"/>
      <line num="118" count="2" type="stmt"/>
      <line num="119" count="2" type="stmt"/>
      <line num="120" count="2" type="stmt"/>
      <line num="121" count="2" type="stmt"/>
      <line num="122" count="73" type="stmt"/>
      <line num="124" count="1" type="cond" truecount="1" falsecount="0"/>
      <line num="125" count="9" type="stmt"/>
      <line num="126" count="9" type="cond" truecount="1" falsecount="0"/>
      <line num="127" count="9" type="cond" truecount="1" falsecount="0"/>
      <line num="128" count="9" type="cond" truecount="1" falsecount="0"/>
      <line num="129" count="9" type="cond" truecount="1" falsecount="0"/>
      <line num="130" count="9" type="stmt"/>
      <line num="131" count="9" type="stmt"/>
      <line num="132" count="9" type="stmt"/>
    </file>
    <file name="crypto.ts" path="/Users/svenloth/dev/atap/sdks/javascript/src/crypto.ts">
      <metrics statements="105" coveredstatements="103" conditionals="20" coveredconditionals="19" methods="9" coveredmethods="9"/>
      <line num="8" count="1" type="stmt"/>
      <line num="9" count="1" type="stmt"/>
      <line num="12" count="1" type="cond" truecount="1" falsecount="0"/>
      <line num="13" count="448" type="stmt"/>
      <line num="14" count="448" type="stmt"/>
      <line num="15" count="448" type="stmt"/>
      <line num="18" count="1" type="cond" truecount="1" falsecount="0"/>
      <line num="19" count="6" type="stmt"/>
      <line num="20" count="6" type="stmt"/>
      <line num="21" count="6" type="cond" truecount="1" falsecount="0"/>
      <line num="22" count="4" type="stmt"/>
      <line num="23" count="4" type="stmt"/>
      <line num="24" count="6" type="stmt"/>
      <line num="25" count="6" type="stmt"/>
      <line num="26" count="6" type="cond" truecount="1" falsecount="0"/>
      <line num="27" count="525" type="stmt"/>
      <line num="28" count="525" type="stmt"/>
      <line num="29" count="6" type="stmt"/>
      <line num="30" count="6" type="stmt"/>
      <line num="33" count="5" type="cond" truecount="1" falsecount="0"/>
      <line num="34" count="5" type="stmt"/>
      <line num="35" count="5" type="stmt"/>
      <line num="36" count="5" type="cond" truecount="0" falsecount="1"/>
      <line num="37" count="0" type="stmt"/>
      <line num="38" count="0" type="stmt"/>
      <line num="39" count="5" type="stmt"/>
      <line num="40" count="5" type="stmt"/>
      <line num="41" count="5" type="cond" truecount="1" falsecount="0"/>
      <line num="42" count="176" type="stmt"/>
      <line num="43" count="176" type="stmt"/>
      <line num="44" count="5" type="stmt"/>
      <line num="45" count="5" type="stmt"/>
      <line num="48" count="62" type="cond" truecount="1" falsecount="0"/>
      <line num="51" count="62" type="stmt"/>
      <line num="52" count="62" type="stmt"/>
      <line num="53" count="62" type="stmt"/>
      <line num="54" count="62" type="stmt"/>
      <line num="55" count="62" type="stmt"/>
      <line num="61" count="1" type="cond" truecount="1" falsecount="0"/>
      <line num="62" count="5" type="stmt"/>
      <line num="63" count="5" type="cond" truecount="1" falsecount="0"/>
      <line num="64" count="1" type="stmt"/>
      <line num="65" count="5" type="cond" truecount="2" falsecount="0"/>
      <line num="66" count="3" type="stmt"/>
      <line num="67" count="3" type="cond" truecount="1" falsecount="0"/>
      <line num="68" count="1" type="stmt"/>
      <line num="69" count="1" type="stmt"/>
      <line num="70" count="1" type="stmt"/>
      <line num="71" count="1" type="stmt"/>
      <line num="74" count="1" type="cond" truecount="1" falsecount="0"/>
      <line num="75" count="4" type="stmt"/>
      <line num="76" count="4" type="stmt"/>
      <line num="77" count="4" type="stmt"/>
      <line num="78" count="4" type="stmt"/>
      <line num="79" count="4" type="stmt"/>
      <line num="90" count="95" type="cond" truecount="1" falsecount="0"/>
      <line num="91" count="95" type="stmt"/>
      <line num="92" count="95" type="stmt"/>
      <line num="93" count="95" type="stmt"/>
      <line num="94" count="95" type="stmt"/>
      <line num="95" count="95" type="stmt"/>
      <line num="96" count="95" type="stmt"/>
      <line num="97" count="95" type="stmt"/>
      <line num="99" count="95" type="stmt"/>
      <line num="100" count="95" type="stmt"/>
      <line num="101" count="95" type="stmt"/>
      <line num="102" count="95" type="stmt"/>
      <line num="103" count="95" type="stmt"/>
      <line num="105" count="95" type="stmt"/>
      <line num="106" count="95" type="stmt"/>
      <line num="107" count="95" type="stmt"/>
      <line num="108" count="95" type="stmt"/>
      <line num="109" count="95" type="stmt"/>
      <line num="110" count="95" type="stmt"/>
      <line num="112" count="95" type="cond" truecount="1" falsecount="0"/>
      <line num="113" count="43" type="stmt"/>
      <line num="114" count="43" type="stmt"/>
      <line num="115" count="43" type="stmt"/>
      <line num="117" count="95" type="stmt"/>
      <line num="118" count="95" type="stmt"/>
      <line num="119" count="95" type="stmt"/>
      <line num="120" count="95" type="stmt"/>
      <line num="121" count="95" type="stmt"/>
      <line num="122" count="95" type="stmt"/>
      <line num="123" count="95" type="stmt"/>
      <line num="125" count="95" type="stmt"/>
      <line num="126" count="95" type="stmt"/>
      <line num="128" count="95" type="stmt"/>
      <line num="129" count="95" type="stmt"/>
      <line num="132" count="1" type="cond" truecount="1" falsecount="0"/>
      <line num="133" count="6" type="stmt"/>
      <line num="134" count="6" type="stmt"/>
      <line num="135" count="6" type="stmt"/>
      <line num="136" count="6" type="stmt"/>
      <line num="137" count="6" type="stmt"/>
      <line num="138" count="6" type="stmt"/>
      <line num="139" count="6" type="stmt"/>
      <line num="140" count="6" type="stmt"/>
      <line num="147" count="1" type="cond" truecount="1" falsecount="0"/>
      <line num="148" count="47" type="stmt"/>
      <line num="149" count="47" type="cond" truecount="1" falsecount="0"/>
      <line num="150" count="2" type="stmt"/>
      <line num="151" count="2" type="cond" truecount="1" falsecount="0"/>
      <line num="152" count="45" type="stmt"/>
      <line num="153" count="45" type="stmt"/>
    </file>
    <file name="didcomm.ts" path="/Users/svenloth/dev/atap/sdks/javascript/src/didcomm.ts">
      <metrics statements="35" coveredstatements="35" conditionals="13" coveredconditionals="12" methods="4" coveredmethods="4"/>
      <line num="9" count="1" type="cond" truecount="1" falsecount="0"/>
      <line num="10" count="73" type="stmt"/>
      <line num="12" count="73" type="cond" truecount="1" falsecount="0"/>
      <line num="13" count="73" type="stmt"/>
      <line num="14" count="73" type="stmt"/>
      <line num="22" count="73" type="cond" truecount="1" falsecount="0"/>
      <line num="23" count="1" type="stmt"/>
      <line num="24" count="1" type="stmt"/>
      <line num="25" count="1" type="stmt"/>
      <line num="26" count="1" type="stmt"/>
      <line num="27" count="1" type="stmt"/>
      <line num="28" count="1" type="stmt"/>
      <line num="29" count="1" type="stmt"/>
      <line num="36" count="73" type="cond" truecount="1" falsecount="0"/>
      <line num="37" count="8" type="cond" truecount="1" falsecount="0"/>
      <line num="38" count="8" type="stmt"/>
      <line num="39" count="8" type="stmt"/>
      <line num="40" count="8" type="stmt"/>
      <line num="41" count="8" type="stmt"/>
      <line num="42" count="8" type="stmt"/>
      <line num="43" count="8" type="stmt"/>
      <line num="44" count="8" type="cond" truecount="1" falsecount="0"/>
      <line num="45" count="8" type="cond" truecount="1" falsecount="0"/>
      <line num="46" count="5" type="cond" truecount="0" falsecount="1"/>
      <line num="47" count="5" type="cond" truecount="1" falsecount="0"/>
      <line num="48" count="5" type="cond" truecount="1" falsecount="0"/>
      <line num="49" count="5" type="cond" truecount="1" falsecount="0"/>
      <line num="50" count="5" type="cond" truecount="1" falsecount="0"/>
      <line num="51" count="8" type="stmt"/>
      <line num="52" count="8" type="stmt"/>
      <line num="53" count="8" type="stmt"/>
      <line num="54" count="8" type="cond" truecount="1" falsecount="0"/>
      <line num="55" count="8" type="stmt"/>
      <line num="56" count="8" type="stmt"/>
      <line num="57" count="73" type="stmt"/>
    </file>
    <file name="discovery.ts" path="/Users/svenloth/dev/atap/sdks/javascript/src/discovery.ts">
      <metrics statements="66" coveredstatements="66" conditionals="27" coveredconditionals="25" methods="7" coveredmethods="7"/>
      <line num="13" count="1" type="cond" truecount="1" falsecount="0"/>
      <line num="14" count="73" type="stmt"/>
      <line num="16" count="73" type="cond" truecount="1" falsecount="0"/>
      <line num="17" count="73" type="stmt"/>
      <line num="18" count="73" type="stmt"/>
      <line num="21" count="73" type="cond" truecount="1" falsecount="0"/>
      <line num="22" count="3" type="stmt"/>
      <line num="23" count="3" type="stmt"/>
      <line num="24" count="3" type="stmt"/>
      <line num="25" count="3" type="stmt"/>
      <line num="26" count="3" type="stmt"/>
      <line num="27" count="3" type="cond" truecount="1" falsecount="0"/>
      <line num="28" count="3" type="cond" truecount="1" falsecount="0"/>
      <line num="29" count="3" type="cond" truecount="1" falsecount="0"/>
      <line num="30" count="3" type="cond" truecount="1" falsecount="0"/>
      <line num="31" count="3" type="cond" truecount="1" falsecount="0"/>
      <line num="32" count="3" type="cond" truecount="1" falsecount="0"/>
      <line num="33" count="3" type="stmt"/>
      <line num="34" count="3" type="stmt"/>
      <line num="35" count="3" type="stmt"/>
      <line num="43" count="73" type="cond" truecount="1" falsecount="0"/>
      <line num="44" count="4" type="stmt"/>
      <line num="45" count="4" type="stmt"/>
      <line num="46" count="4" type="stmt"/>
      <line num="47" count="4" type="stmt"/>
      <line num="48" count="4" type="stmt"/>
      <line num="49" count="4" type="stmt"/>
      <line num="50" count="4" type="stmt"/>
      <line num="51" count="4" type="stmt"/>
      <line num="52" count="4" type="stmt"/>
      <line num="55" count="73" type="cond" truecount="1" falsecount="0"/>
      <line num="56" count="1" type="stmt"/>
      <line num="57" count="1" type="stmt"/>
      <line num="58" count="1" type="stmt"/>
      <line num="59" count="1" type="stmt"/>
      <line num="60" count="1" type="stmt"/>
      <line num="61" count="1" type="stmt"/>
      <line num="64" count="73" type="cond" truecount="1" falsecount="0"/>
      <line num="65" count="1" type="stmt"/>
      <line num="66" count="1" type="stmt"/>
      <line num="67" count="73" type="stmt"/>
      <line num="69" count="1" type="cond" truecount="1" falsecount="0"/>
      <line num="70" count="5" type="stmt"/>
      <line num="71" count="5" type="stmt"/>
      <line num="72" count="5" type="stmt"/>
      <line num="73" count="5" type="cond" truecount="1" falsecount="0"/>
      <line num="74" count="5" type="stmt"/>
      <line num="75" count="5" type="cond" truecount="1" falsecount="0"/>
      <line num="76" count="4" type="cond" truecount="0" falsecount="1"/>
      <line num="77" count="4" type="cond" truecount="1" falsecount="0"/>
      <line num="78" count="4" type="cond" truecount="1" falsecount="0"/>
      <line num="79" count="4" type="cond" truecount="1" falsecount="0"/>
      <line num="80" count="4" type="stmt"/>
      <line num="81" count="5" type="stmt"/>
      <line num="82" count="5" type="stmt"/>
      <line num="83" count="5" type="cond" truecount="0" falsecount="1"/>
      <line num="84" count="5" type="cond" truecount="1" falsecount="0"/>
      <line num="85" count="5" type="stmt"/>
      <line num="86" count="5" type="cond" truecount="1" falsecount="0"/>
      <line num="87" count="5" type="cond" truecount="1" falsecount="0"/>
      <line num="88" count="5" type="cond" truecount="1" falsecount="0"/>
      <line num="89" count="5" type="cond" truecount="1" falsecount="0"/>
      <line num="90" count="5" type="cond" truecount="1" falsecount="0"/>
      <line num="91" count="5" type="cond" truecount="1" falsecount="0"/>
      <line num="92" count="5" type="stmt"/>
      <line num="93" count="5" type="stmt"/>
    </file>
    <file name="entities.ts" path="/Users/svenloth/dev/atap/sdks/javascript/src/entities.ts">
      <metrics statements="62" coveredstatements="62" conditionals="26" coveredconditionals="23" methods="7" coveredmethods="7"/>
      <line num="9" count="1" type="cond" truecount="1" falsecount="0"/>
      <line num="10" count="73" type="stmt"/>
      <line num="12" count="73" type="cond" truecount="1" falsecount="0"/>
      <line num="13" count="73" type="stmt"/>
      <line num="14" count="73" type="stmt"/>
      <line num="25" count="73" type="cond" truecount="1" falsecount="0"/>
      <line num="26" count="4" type="stmt"/>
      <line num="27" count="4" type="stmt"/>
      <line num="31" count="4" type="stmt"/>
      <line num="32" count="4" type="stmt"/>
      <line num="33" count="4" type="stmt"/>
      <line num="34" count="4" type="cond" truecount="1" falsecount="0"/>
      <line num="35" count="4" type="cond" truecount="1" falsecount="0"/>
      <line num="36" count="4" type="cond" truecount="1" falsecount="0"/>
      <line num="38" count="4" type="stmt"/>
      <line num="39" count="4" type="stmt"/>
      <line num="40" count="4" type="stmt"/>
      <line num="41" count="4" type="stmt"/>
      <line num="42" count="4" type="stmt"/>
      <line num="45" count="73" type="cond" truecount="1" falsecount="0"/>
      <line num="46" count="8" type="stmt"/>
      <line num="47" count="8" type="stmt"/>
      <line num="48" count="8" type="stmt"/>
      <line num="49" count="8" type="cond" truecount="1" falsecount="0"/>
      <line num="50" count="2" type="stmt"/>
      <line num="51" count="8" type="stmt"/>
      <line num="54" count="73" type="cond" truecount="1" falsecount="0"/>
      <line num="55" count="1" type="stmt"/>
      <line num="56" count="1" type="stmt"/>
      <line num="65" count="73" type="cond" truecount="1" falsecount="0"/>
      <line num="66" count="3" type="stmt"/>
      <line num="67" count="3" type="stmt"/>
      <line num="68" count="3" type="stmt"/>
      <line num="69" count="3" type="stmt"/>
      <line num="70" count="3" type="stmt"/>
      <line num="71" count="3" type="stmt"/>
      <line num="72" count="3" type="cond" truecount="0" falsecount="1"/>
      <line num="73" count="3" type="cond" truecount="1" falsecount="0"/>
      <line num="74" count="3" type="cond" truecount="1" falsecount="0"/>
      <line num="75" count="3" type="cond" truecount="1" falsecount="0"/>
      <line num="76" count="3" type="stmt"/>
      <line num="77" count="3" type="cond" truecount="1" falsecount="0"/>
      <line num="78" count="3" type="stmt"/>
      <line num="79" count="3" type="stmt"/>
      <line num="80" count="73" type="stmt"/>
      <line num="82" count="1" type="cond" truecount="1" falsecount="0"/>
      <line num="83" count="6" type="stmt"/>
      <line num="84" count="6" type="cond" truecount="0" falsecount="1"/>
      <line num="85" count="6" type="cond" truecount="0" falsecount="1"/>
      <line num="86" count="6" type="cond" truecount="1" falsecount="0"/>
      <line num="87" count="6" type="stmt"/>
      <line num="88" count="6" type="cond" truecount="1" falsecount="0"/>
      <line num="89" count="6" type="cond" truecount="1" falsecount="0"/>
      <line num="90" count="6" type="cond" truecount="1" falsecount="0"/>
      <line num="91" count="6" type="cond" truecount="1" falsecount="0"/>
      <line num="92" count="6" type="cond" truecount="1" falsecount="0"/>
      <line num="93" count="6" type="cond" truecount="1" falsecount="0"/>
      <line num="94" count="6" type="cond" truecount="1" falsecount="0"/>
      <line num="95" count="6" type="stmt"/>
      <line num="96" count="6" type="stmt"/>
      <line num="97" count="6" type="stmt"/>
      <line num="98" count="6" type="stmt"/>
    </file>
    <file name="errors.ts" path="/Users/svenloth/dev/atap/sdks/javascript/src/errors.ts">
      <metrics statements="51" coveredstatements="51" conditionals="15" coveredconditionals="15" methods="13" coveredmethods="13"/>
      <line num="4" count="1" type="cond" truecount="1" falsecount="0"/>
      <line num="5" count="28" type="stmt"/>
      <line num="7" count="28" type="cond" truecount="1" falsecount="0"/>
      <line num="8" count="28" type="stmt"/>
      <line num="9" count="28" type="stmt"/>
      <line num="10" count="28" type="stmt"/>
      <line num="11" count="28" type="stmt"/>
      <line num="12" count="28" type="stmt"/>
      <line num="15" count="1" type="cond" truecount="1" falsecount="0"/>
      <line num="16" count="5" type="stmt"/>
      <line num="18" count="5" type="cond" truecount="1" falsecount="0"/>
      <line num="19" count="5" type="cond" truecount="1" falsecount="0"/>
      <line num="20" count="5" type="stmt"/>
      <line num="21" count="5" type="stmt"/>
      <line num="22" count="5" type="stmt"/>
      <line num="24" count="5" type="cond" truecount="1" falsecount="0"/>
      <line num="25" count="2" type="cond" truecount="1" falsecount="0"/>
      <line num="26" count="2" type="stmt"/>
      <line num="27" count="5" type="stmt"/>
      <line num="30" count="1" type="cond" truecount="1" falsecount="0"/>
      <line num="31" count="6" type="stmt"/>
      <line num="33" count="6" type="cond" truecount="1" falsecount="0"/>
      <line num="34" count="6" type="stmt"/>
      <line num="35" count="6" type="stmt"/>
      <line num="36" count="6" type="stmt"/>
      <line num="37" count="6" type="stmt"/>
      <line num="38" count="6" type="stmt"/>
      <line num="41" count="1" type="cond" truecount="1" falsecount="0"/>
      <line num="42" count="4" type="stmt"/>
      <line num="44" count="4" type="cond" truecount="1" falsecount="0"/>
      <line num="45" count="4" type="stmt"/>
      <line num="46" count="4" type="stmt"/>
      <line num="47" count="4" type="stmt"/>
      <line num="48" count="4" type="stmt"/>
      <line num="49" count="4" type="stmt"/>
      <line num="52" count="1" type="cond" truecount="1" falsecount="0"/>
      <line num="53" count="3" type="stmt"/>
      <line num="55" count="3" type="cond" truecount="1" falsecount="0"/>
      <line num="56" count="3" type="stmt"/>
      <line num="57" count="3" type="stmt"/>
      <line num="58" count="3" type="stmt"/>
      <line num="59" count="3" type="stmt"/>
      <line num="60" count="3" type="stmt"/>
      <line num="63" count="1" type="cond" truecount="1" falsecount="0"/>
      <line num="64" count="3" type="stmt"/>
      <line num="66" count="3" type="cond" truecount="1" falsecount="0"/>
      <line num="67" count="3" type="stmt"/>
      <line num="68" count="3" type="stmt"/>
      <line num="69" count="3" type="stmt"/>
      <line num="70" count="3" type="stmt"/>
      <line num="71" count="3" type="stmt"/>
    </file>
    <file name="http.ts" path="/Users/svenloth/dev/atap/sdks/javascript/src/http.ts">
      <metrics statements="190" coveredstatements="189" conditionals="65" coveredconditionals="60" methods="8" coveredmethods="8"/>
      <line num="5" count="1" type="stmt"/>
      <line num="6" count="1" type="stmt"/>
      <line num="28" count="1" type="cond" truecount="1" falsecount="0"/>
      <line num="29" count="104" type="stmt"/>
      <line num="30" count="104" type="stmt"/>
      <line num="31" count="104" type="stmt"/>
      <line num="33" count="104" type="cond" truecount="1" falsecount="0"/>
      <line num="34" count="104" type="stmt"/>
      <line num="35" count="104" type="stmt"/>
      <line num="36" count="104" type="stmt"/>
      <line num="37" count="104" type="stmt"/>
      <line num="38" count="104" type="stmt"/>
      <line num="39" count="104" type="stmt"/>
      <line num="40" count="104" type="cond" truecount="0" falsecount="1"/>
      <line num="41" count="104" type="stmt"/>
      <line num="44" count="104" type="cond" truecount="1" falsecount="0"/>
      <line num="45" count="41" type="stmt"/>
      <line num="46" count="41" type="stmt"/>
      <line num="47" count="41" type="stmt"/>
      <line num="48" count="41" type="stmt"/>
      <line num="49" count="41" type="stmt"/>
      <line num="50" count="41" type="stmt"/>
      <line num="52" count="41" type="stmt"/>
      <line num="53" count="41" type="cond" truecount="1" falsecount="0"/>
      <line num="54" count="6" type="cond" truecount="1" falsecount="0"/>
      <line num="55" count="6" type="stmt"/>
      <line num="56" count="6" type="stmt"/>
      <line num="58" count="41" type="stmt"/>
      <line num="59" count="41" type="stmt"/>
      <line num="60" count="41" type="stmt"/>
      <line num="61" count="41" type="stmt"/>
      <line num="62" count="41" type="stmt"/>
      <line num="63" count="41" type="stmt"/>
      <line num="65" count="41" type="stmt"/>
      <line num="66" count="41" type="stmt"/>
      <line num="69" count="104" type="cond" truecount="1" falsecount="0"/>
      <line num="70" count="42" type="stmt"/>
      <line num="71" count="42" type="stmt"/>
      <line num="72" count="42" type="stmt"/>
      <line num="73" count="42" type="stmt"/>
      <line num="74" count="42" type="stmt"/>
      <line num="75" count="42" type="stmt"/>
      <line num="76" count="42" type="stmt"/>
      <line num="77" count="42" type="stmt"/>
      <line num="78" count="42" type="stmt"/>
      <line num="79" count="42" type="stmt"/>
      <line num="80" count="42" type="stmt"/>
      <line num="81" count="42" type="stmt"/>
      <line num="82" count="42" type="stmt"/>
      <line num="83" count="42" type="stmt"/>
      <line num="85" count="42" type="stmt"/>
      <line num="86" count="42" type="stmt"/>
      <line num="87" count="42" type="stmt"/>
      <line num="88" count="42" type="stmt"/>
      <line num="89" count="42" type="stmt"/>
      <line num="91" count="42" type="stmt"/>
      <line num="92" count="42" type="stmt"/>
      <line num="94" count="42" type="cond" truecount="1" falsecount="0"/>
      <line num="95" count="1" type="stmt"/>
      <line num="96" count="1" type="stmt"/>
      <line num="97" count="1" type="stmt"/>
      <line num="98" count="1" type="stmt"/>
      <line num="99" count="42" type="cond" truecount="2" falsecount="0"/>
      <line num="100" count="23" type="stmt"/>
      <line num="101" count="23" type="stmt"/>
      <line num="102" count="23" type="stmt"/>
      <line num="104" count="42" type="stmt"/>
      <line num="105" count="42" type="stmt"/>
      <line num="106" count="42" type="stmt"/>
      <line num="107" count="42" type="stmt"/>
      <line num="108" count="42" type="stmt"/>
      <line num="109" count="42" type="stmt"/>
      <line num="111" count="42" type="stmt"/>
      <line num="112" count="42" type="stmt"/>
      <line num="115" count="104" type="cond" truecount="1" falsecount="0"/>
      <line num="116" count="50" type="stmt"/>
      <line num="117" count="50" type="stmt"/>
      <line num="118" count="50" type="stmt"/>
      <line num="119" count="50" type="stmt"/>
      <line num="120" count="50" type="stmt"/>
      <line num="121" count="50" type="stmt"/>
      <line num="122" count="50" type="stmt"/>
      <line num="123" count="50" type="stmt"/>
      <line num="124" count="50" type="cond" truecount="1" falsecount="0"/>
      <line num="125" count="49" type="stmt"/>
      <line num="126" count="49" type="stmt"/>
      <line num="128" count="50" type="stmt"/>
      <line num="130" count="50" type="stmt"/>
      <line num="131" count="50" type="stmt"/>
      <line num="132" count="50" type="stmt"/>
      <line num="133" count="50" type="stmt"/>
      <line num="134" count="50" type="stmt"/>
      <line num="135" count="50" type="stmt"/>
      <line num="137" count="50" type="stmt"/>
      <line num="138" count="50" type="stmt"/>
      <line num="141" count="104" type="cond" truecount="1" falsecount="0"/>
      <line num="142" count="5" type="stmt"/>
      <line num="143" count="5" type="stmt"/>
      <line num="144" count="5" type="stmt"/>
      <line num="145" count="5" type="stmt"/>
      <line num="146" count="5" type="stmt"/>
      <line num="147" count="5" type="stmt"/>
      <line num="148" count="5" type="cond" truecount="1" falsecount="0"/>
      <line num="149" count="2" type="stmt"/>
      <line num="150" count="2" type="stmt"/>
      <line num="152" count="5" type="stmt"/>
      <line num="153" count="5" type="stmt"/>
      <line num="154" count="5" type="stmt"/>
      <line num="155" count="5" type="stmt"/>
      <line num="156" count="5" type="stmt"/>
      <line num="157" count="5" type="stmt"/>
      <line num="159" count="5" type="cond" truecount="1" falsecount="0"/>
      <line num="160" count="1" type="stmt"/>
      <line num="161" count="1" type="stmt"/>
      <line num="162" count="1" type="stmt"/>
      <line num="163" count="1" type="stmt"/>
      <line num="164" count="1" type="stmt"/>
      <line num="165" count="1" type="cond" truecount="1" falsecount="0"/>
      <line num="167" count="5" type="cond" truecount="1" falsecount="0"/>
      <line num="168" count="5" type="cond" truecount="2" falsecount="0"/>
      <line num="169" count="1" type="stmt"/>
      <line num="170" count="1" type="stmt"/>
      <line num="171" count="3" type="stmt"/>
      <line num="172" count="5" type="stmt"/>
      <line num="175" count="104" type="cond" truecount="1" falsecount="0"/>
      <line num="176" count="134" type="stmt"/>
      <line num="177" count="134" type="stmt"/>
      <line num="178" count="134" type="cond" truecount="1" falsecount="0"/>
      <line num="179" count="2" type="stmt"/>
      <line num="180" count="2" type="cond" truecount="2" falsecount="0"/>
      <line num="182" count="132" type="stmt"/>
      <line num="183" count="132" type="stmt"/>
      <line num="184" count="132" type="cond" truecount="1" falsecount="0"/>
      <line num="185" count="134" type="cond" truecount="1" falsecount="0"/>
      <line num="186" count="2" type="cond" truecount="1" falsecount="0"/>
      <line num="187" count="1" type="stmt"/>
      <line num="188" count="1" type="stmt"/>
      <line num="189" count="1" type="cond" truecount="1" falsecount="0"/>
      <line num="190" count="1" type="stmt"/>
      <line num="191" count="1" type="stmt"/>
      <line num="192" count="1" type="stmt"/>
      <line num="193" count="1" type="stmt"/>
      <line num="194" count="1" type="cond" truecount="1" falsecount="0"/>
      <line num="196" count="134" type="cond" truecount="1" falsecount="0"/>
      <line num="197" count="117" type="stmt"/>
      <line num="198" count="117" type="cond" truecount="2" falsecount="0"/>
      <line num="201" count="13" type="stmt"/>
      <line num="202" count="134" type="cond" truecount="3" falsecount="0"/>
      <line num="203" count="6" type="stmt"/>
      <line num="204" count="6" type="cond" truecount="0" falsecount="1"/>
      <line num="205" count="6" type="cond" truecount="0" falsecount="1"/>
      <line num="206" count="6" type="cond" truecount="0" falsecount="1"/>
      <line num="207" count="6" type="stmt"/>
      <line num="208" count="6" type="stmt"/>
      <line num="209" count="6" type="stmt"/>
      <line num="210" count="6" type="cond" truecount="1" falsecount="0"/>
      <line num="212" count="13" type="stmt"/>
      <line num="214" count="134" type="cond" truecount="3" falsecount="0"/>
      <line num="215" count="4" type="cond" truecount="3" falsecount="0"/>
      <line num="216" count="4" type="stmt"/>
      <line num="217" count="61" type="cond" truecount="2" falsecount="0"/>
      <line num="218" count="2" type="cond" truecount="2" falsecount="0"/>
      <line num="219" count="2" type="stmt"/>
      <line num="220" count="9" type="cond" truecount="2" falsecount="0"/>
      <line num="221" count="2" type="cond" truecount="2" falsecount="0"/>
      <line num="222" count="2" type="stmt"/>
      <line num="223" count="7" type="cond" truecount="3" falsecount="0"/>
      <line num="224" count="2" type="cond" truecount="2" falsecount="0"/>
      <line num="225" count="2" type="stmt"/>
      <line num="226" count="4" type="cond" truecount="3" falsecount="0"/>
      <line num="227" count="1" type="stmt"/>
      <line num="228" count="2" type="stmt"/>
      <line num="229" count="2" type="stmt"/>
      <line num="230" count="2" type="cond" truecount="1" falsecount="0"/>
      <line num="231" count="1" type="cond" truecount="0" falsecount="1"/>
      <line num="232" count="0" type="stmt"/>
      <line num="233" count="2" type="stmt"/>
      <line num="234" count="2" type="stmt"/>
      <line num="235" count="134" type="stmt"/>
      <line num="237" count="104" type="cond" truecount="1" falsecount="0"/>
      <line num="238" count="138" type="stmt"/>
      <line num="239" count="138" type="stmt"/>
      <line num="240" count="138" type="stmt"/>
      <line num="241" count="138" type="stmt"/>
      <line num="242" count="138" type="cond" truecount="2" falsecount="0"/>
      <line num="243" count="15" type="stmt"/>
      <line num="244" count="15" type="stmt"/>
      <line num="245" count="138" type="stmt"/>
      <line num="246" count="138" type="stmt"/>
      <line num="247" count="104" type="stmt"/>
    </file>
    <file name="oauth.ts" path="/Users/svenloth/dev/atap/sdks/javascript/src/oauth.ts">
      <metrics statements="166" coveredstatements="164" conditionals="33" coveredconditionals="20" methods="9" coveredmethods="9"/>
      <line num="5" count="1" type="stmt"/>
      <line num="15" count="1" type="cond" truecount="1" falsecount="0"/>
      <line num="16" count="52" type="stmt"/>
      <line num="17" count="52" type="stmt"/>
      <line num="18" count="52" type="stmt"/>
      <line num="19" count="52" type="stmt"/>
      <line num="20" count="52" type="stmt"/>
      <line num="21" count="52" type="stmt"/>
      <line num="22" count="52" type="stmt"/>
      <line num="23" count="52" type="stmt"/>
      <line num="25" count="52" type="cond" truecount="1" falsecount="0"/>
      <line num="32" count="52" type="stmt"/>
      <line num="33" count="52" type="stmt"/>
      <line num="34" count="52" type="stmt"/>
      <line num="35" count="52" type="stmt"/>
      <line num="36" count="52" type="stmt"/>
      <line num="37" count="52" type="cond" truecount="1" falsecount="0"/>
      <line num="38" count="51" type="stmt"/>
      <line num="39" count="51" type="stmt"/>
      <line num="40" count="51" type="stmt"/>
      <line num="41" count="51" type="stmt"/>
      <line num="42" count="51" type="stmt"/>
      <line num="43" count="52" type="stmt"/>
      <line num="44" count="52" type="cond" truecount="0" falsecount="1"/>
      <line num="45" count="52" type="stmt"/>
      <line num="47" count="52" type="cond" truecount="1" falsecount="0"/>
      <line num="48" count="48" type="stmt"/>
      <line num="49" count="48" type="stmt"/>
      <line num="52" count="52" type="cond" truecount="1" falsecount="0"/>
      <line num="53" count="49" type="cond" truecount="2" falsecount="0"/>
      <line num="54" count="1" type="stmt"/>
      <line num="55" count="1" type="cond" truecount="1" falsecount="0"/>
      <line num="56" count="49" type="cond" truecount="2" falsecount="0"/>
      <line num="57" count="1" type="stmt"/>
      <line num="58" count="1" type="stmt"/>
      <line num="59" count="1" type="cond" truecount="1" falsecount="0"/>
      <line num="60" count="47" type="cond" truecount="1" falsecount="0"/>
      <line num="61" count="46" type="stmt"/>
      <line num="62" count="49" type="stmt"/>
      <line num="64" count="52" type="cond" truecount="1" falsecount="0"/>
      <line num="65" count="2" type="cond" truecount="0" falsecount="1"/>
      <line num="66" count="2" type="stmt"/>
      <line num="68" count="2" type="stmt"/>
      <line num="69" count="2" type="stmt"/>
      <line num="72" count="52" type="cond" truecount="1" falsecount="0"/>
      <line num="73" count="47" type="cond" truecount="1" falsecount="0"/>
      <line num="74" count="1" type="stmt"/>
      <line num="75" count="1" type="stmt"/>
      <line num="77" count="1" type="stmt"/>
      <line num="78" count="1" type="cond" truecount="1" falsecount="0"/>
      <line num="80" count="46" type="stmt"/>
      <line num="81" count="46" type="stmt"/>
      <line num="82" count="46" type="stmt"/>
      <line num="83" count="46" type="stmt"/>
      <line num="84" count="46" type="stmt"/>
      <line num="86" count="46" type="stmt"/>
      <line num="87" count="46" type="stmt"/>
      <line num="88" count="46" type="stmt"/>
      <line num="89" count="46" type="stmt"/>
      <line num="90" count="46" type="stmt"/>
      <line num="91" count="46" type="stmt"/>
      <line num="93" count="46" type="stmt"/>
      <line num="94" count="46" type="stmt"/>
      <line num="95" count="46" type="stmt"/>
      <line num="96" count="46" type="stmt"/>
      <line num="97" count="46" type="stmt"/>
      <line num="99" count="46" type="stmt"/>
      <line num="100" count="46" type="stmt"/>
      <line num="101" count="47" type="cond" truecount="0" falsecount="1"/>
      <line num="102" count="47" type="cond" truecount="0" falsecount="1"/>
      <line num="103" count="47" type="cond" truecount="0" falsecount="1"/>
      <line num="104" count="47" type="stmt"/>
      <line num="105" count="47" type="stmt"/>
      <line num="106" count="47" type="stmt"/>
      <line num="107" count="47" type="stmt"/>
      <line num="108" count="47" type="stmt"/>
      <line num="111" count="52" type="cond" truecount="1" falsecount="0"/>
      <line num="112" count="1" type="cond" truecount="0" falsecount="1"/>
      <line num="113" count="0" type="stmt"/>
      <line num="114" count="0" type="stmt"/>
      <line num="116" count="1" type="stmt"/>
      <line num="117" count="1" type="stmt"/>
      <line num="118" count="1" type="stmt"/>
      <line num="119" count="1" type="stmt"/>
      <line num="120" count="1" type="stmt"/>
      <line num="122" count="1" type="stmt"/>
      <line num="123" count="1" type="stmt"/>
      <line num="124" count="1" type="stmt"/>
      <line num="125" count="1" type="stmt"/>
      <line num="127" count="1" type="stmt"/>
      <line num="128" count="1" type="stmt"/>
      <line num="129" count="1" type="stmt"/>
      <line num="130" count="1" type="stmt"/>
      <line num="131" count="1" type="stmt"/>
      <line num="133" count="1" type="stmt"/>
      <line num="134" count="1" type="stmt"/>
      <line num="135" count="1" type="cond" truecount="0" falsecount="1"/>
      <line num="136" count="1" type="cond" truecount="0" falsecount="1"/>
      <line num="137" count="1" type="cond" truecount="0" falsecount="1"/>
      <line num="138" count="1" type="stmt"/>
      <line num="139" count="1" type="cond" truecount="0" falsecount="1"/>
      <line num="140" count="1" type="stmt"/>
      <line num="141" count="1" type="stmt"/>
      <line num="142" count="1" type="stmt"/>
      <line num="143" count="1" type="stmt"/>
      <line num="146" count="52" type="cond" truecount="1" falsecount="0"/>
      <line num="147" count="2" type="stmt"/>
      <line num="148" count="2" type="stmt"/>
      <line num="149" count="2" type="stmt"/>
      <line num="150" count="2" type="stmt"/>
      <line num="152" count="2" type="stmt"/>
      <line num="153" count="2" type="stmt"/>
      <line num="154" count="2" type="stmt"/>
      <line num="155" count="2" type="stmt"/>
      <line num="156" count="2" type="stmt"/>
      <line num="158" count="2" type="stmt"/>
      <line num="159" count="2" type="stmt"/>
      <line num="160" count="2" type="stmt"/>
      <line num="161" count="2" type="stmt"/>
      <line num="162" count="2" type="stmt"/>
      <line num="163" count="2" type="stmt"/>
      <line num="164" count="2" type="stmt"/>
      <line num="165" count="2" type="stmt"/>
      <line num="167" count="2" type="stmt"/>
      <line num="168" count="2" type="stmt"/>
      <line num="169" count="2" type="stmt"/>
      <line num="170" count="2" type="stmt"/>
      <line num="171" count="2" type="stmt"/>
      <line num="174" count="2" type="stmt"/>
      <line num="175" count="2" type="stmt"/>
      <line num="176" count="2" type="cond" truecount="1" falsecount="0"/>
      <line num="177" count="1" type="stmt"/>
      <line num="178" count="1" type="stmt"/>
      <line num="179" count="1" type="stmt"/>
      <line num="180" count="1" type="stmt"/>
      <line num="183" count="1" type="stmt"/>
      <line num="184" count="1" type="stmt"/>
      <line num="185" count="1" type="stmt"/>
      <line num="186" count="1" type="stmt"/>
      <line num="187" count="1" type="stmt"/>
      <line num="189" count="1" type="stmt"/>
      <line num="190" count="1" type="stmt"/>
      <line num="191" count="1" type="stmt"/>
      <line num="192" count="1" type="stmt"/>
      <line num="193" count="1" type="stmt"/>
      <line num="194" count="1" type="stmt"/>
      <line num="196" count="1" type="stmt"/>
      <line num="197" count="1" type="stmt"/>
      <line num="198" count="1" type="stmt"/>
      <line num="199" count="1" type="stmt"/>
      <line num="200" count="1" type="stmt"/>
      <line num="202" count="1" type="stmt"/>
      <line num="203" count="1" type="stmt"/>
      <line num="204" count="2" type="cond" truecount="0" falsecount="1"/>
      <line num="205" count="2" type="cond" truecount="0" falsecount="1"/>
      <line num="206" count="2" type="cond" truecount="0" falsecount="1"/>
      <line num="207" count="2" type="stmt"/>
      <line num="208" count="2" type="stmt"/>
      <line num="209" count="2" type="stmt"/>
      <line num="210" count="2" type="stmt"/>
      <line num="211" count="2" type="stmt"/>
      <line num="214" count="52" type="cond" truecount="1" falsecount="0"/>
      <line num="215" count="1" type="stmt"/>
      <line num="216" count="1" type="stmt"/>
      <line num="217" count="1" type="stmt"/>
      <line num="218" count="52" type="stmt"/>
    </file>
    <file name="revocations.ts" path="/Users/svenloth/dev/atap/sdks/javascript/src/revocations.ts">
      <metrics statements="45" coveredstatements="45" conditionals="14" coveredconditionals="12" methods="5" coveredmethods="5"/>
      <line num="9" count="1" type="cond" truecount="1" falsecount="0"/>
      <line num="10" count="73" type="stmt"/>
      <line num="12" count="73" type="cond" truecount="1" falsecount="0"/>
      <line num="13" count="73" type="stmt"/>
      <line num="14" count="73" type="stmt"/>
      <line num="23" count="73" type="cond" truecount="1" falsecount="0"/>
      <line num="24" count="3" type="stmt"/>
      <line num="25" count="3" type="stmt"/>
      <line num="26" count="3" type="stmt"/>
      <line num="27" count="3" type="stmt"/>
      <line num="28" count="3" type="stmt"/>
      <line num="29" count="3" type="stmt"/>
      <line num="30" count="3" type="stmt"/>
      <line num="31" count="3" type="stmt"/>
      <line num="32" count="3" type="cond" truecount="1" falsecount="0"/>
      <line num="34" count="3" type="stmt"/>
      <line num="35" count="3" type="stmt"/>
      <line num="36" count="3" type="stmt"/>
      <line num="37" count="3" type="stmt"/>
      <line num="38" count="3" type="stmt"/>
      <line num="39" count="3" type="stmt"/>
      <line num="40" count="3" type="stmt"/>
      <line num="47" count="73" type="cond" truecount="1" falsecount="0"/>
      <line num="48" count="3" type="stmt"/>
      <line num="49" count="3" type="stmt"/>
      <line num="50" count="3" type="stmt"/>
      <line num="51" count="3" type="stmt"/>
      <line num="52" count="3" type="cond" truecount="1" falsecount="0"/>
      <line num="53" count="3" type="stmt"/>
      <line num="54" count="3" type="stmt"/>
      <line num="55" count="3" type="cond" truecount="0" falsecount="1"/>
      <line num="56" count="3" type="stmt"/>
      <line num="57" count="3" type="cond" truecount="1" falsecount="0"/>
      <line num="58" count="3" type="stmt"/>
      <line num="59" count="3" type="stmt"/>
      <line num="60" count="73" type="stmt"/>
      <line num="62" count="1" type="cond" truecount="1" falsecount="0"/>
      <line num="63" count="4" type="stmt"/>
      <line num="64" count="4" type="cond" truecount="0" falsecount="1"/>
      <line num="65" count="4" type="cond" truecount="1" falsecount="0"/>
      <line num="66" count="4" type="cond" truecount="1" falsecount="0"/>
      <line num="67" count="4" type="cond" truecount="1" falsecount="0"/>
      <line num="68" count="4" type="cond" truecount="1" falsecount="0"/>
      <line num="69" count="4" type="stmt"/>
      <line num="70" count="4" type="stmt"/>
    </file>
  </project>
</coverage>
