{"/Users/svenloth/dev/atap/sdks/javascript/src/approvals.ts": {"path":"/Users/svenloth/dev/atap/sdks/javascript/src/approvals.ts","all":false,"statementMap":{"8":{"start":{"line":9,"column":0},"end":{"line":9,"column":26}},"9":{"start":{"line":10,"column":0},"end":{"line":10,"column":39}},"11":{"start":{"line":12,"column":0},"end":{"line":12,"column":35}},"12":{"start":{"line":13,"column":0},"end":{"line":13,"column":26}},"13":{"start":{"line":14,"column":0},"end":{"line":14,"column":3}},"23":{"start":{"line":24,"column":0},"end":{"line":24,"column":15}},"24":{"start":{"line":25,"column":0},"end":{"line":25,"column":20}},"25":{"start":{"line":26,"column":0},"end":{"line":26,"column":18}},"26":{"start":{"line":27,"column":0},"end":{"line":27,"column":29}},"27":{"start":{"line":28,"column":0},"end":{"line":28,"column":35}},"28":{"start":{"line":29,"column":0},"end":{"line":29,"column":24}},"29":{"start":{"line":30,"column":0},"end":{"line":30,"column":43}},"30":{"start":{"line":31,"column":0},"end":{"line":31,"column":20}},"31":{"start":{"line":32,"column":0},"end":{"line":32,"column":16}},"32":{"start":{"line":33,"column":0},"end":{"line":33,"column":16}},"33":{"start":{"line":34,"column":0},"end":{"line":34,"column":27}},"34":{"start":{"line":35,"column":0},"end":{"line":35,"column":29}},"35":{"start":{"line":36,"column":0},"end":{"line":36,"column":39}},"36":{"start":{"line":37,"column":0},"end":{"line":37,"column":8}},"37":{"start":{"line":38,"column":0},"end":{"line":38,"column":6}},"38":{"start":{"line":39,"column":0},"end":{"line":39,"column":44}},"40":{"start":{"line":41,"column":0},"end":{"line":41,"column":77}},"41":{"start":{"line":42,"column":0},"end":{"line":42,"column":21}},"42":{"start":{"line":43,"column":0},"end":{"line":43,"column":7}},"43":{"start":{"line":44,"column":0},"end":{"line":44,"column":31}},"44":{"start":{"line":45,"column":0},"end":{"line":45,"column":3}},"52":{"start":{"line":53,"column":0},"end":{"line":53,"column":75}},"53":{"start":{"line":54,"column":0},"end":{"line":54,"column":51}},"54":{"start":{"line":55,"column":0},"end":{"line":55,"column":13}},"55":{"start":{"line":56,"column":0},"end":{"line":56,"column":44}},"56":{"start":{"line":57,"column":0},"end":{"line":57,"column":34}},"57":{"start":{"line":58,"column":0},"end":{"line":58,"column":6}},"58":{"start":{"line":59,"column":0},"end":{"line":59,"column":31}},"59":{"start":{"line":60,"column":0},"end":{"line":60,"column":3}},"62":{"start":{"line":63,"column":0},"end":{"line":63,"column":37}},"63":{"start":{"line":64,"column":0},"end":{"line":64,"column":75}},"64":{"start":{"line":65,"column":0},"end":{"line":65,"column":30}},"65":{"start":{"line":66,"column":0},"end":{"line":66,"column":68}},"66":{"start":{"line":67,"column":0},"end":{"line":67,"column":5}},"67":{"start":{"line":68,"column":0},"end":{"line":68,"column":17}},"68":{"start":{"line":69,"column":0},"end":{"line":69,"column":54}},"69":{"start":{"line":70,"column":0},"end":{"line":70,"column":50}},"70":{"start":{"line":71,"column":0},"end":{"line":71,"column":9}},"71":{"start":{"line":72,"column":0},"end":{"line":72,"column":36}},"72":{"start":{"line":73,"column":0},"end":{"line":73,"column":3}},"75":{"start":{"line":76,"column":0},"end":{"line":76,"column":55}},"76":{"start":{"line":77,"column":0},"end":{"line":77,"column":51}},"77":{"start":{"line":78,"column":0},"end":{"line":78,"column":15}},"78":{"start":{"line":79,"column":0},"end":{"line":79,"column":36}},"79":{"start":{"line":80,"column":0},"end":{"line":80,"column":6}},"80":{"start":{"line":81,"column":0},"end":{"line":81,"column":31}},"81":{"start":{"line":82,"column":0},"end":{"line":82,"column":3}},"82":{"start":{"line":83,"column":0},"end":{"line":83,"column":1}},"84":{"start":{"line":85,"column":0},"end":{"line":85,"column":72}},"85":{"start":{"line":86,"column":0},"end":{"line":86,"column":43}},"86":{"start":{"line":87,"column":0},"end":{"line":87,"column":21}},"87":{"start":{"line":88,"column":0},"end":{"line":88,"column":54}},"88":{"start":{"line":89,"column":0},"end":{"line":89,"column":15}},"89":{"start":{"line":90,"column":0},"end":{"line":90,"column":37}},"90":{"start":{"line":91,"column":0},"end":{"line":91,"column":39}},"91":{"start":{"line":92,"column":0},"end":{"line":92,"column":53}},"92":{"start":{"line":93,"column":0},"end":{"line":93,"column":64}},"93":{"start":{"line":94,"column":0},"end":{"line":94,"column":6}},"94":{"start":{"line":95,"column":0},"end":{"line":95,"column":3}},"95":{"start":{"line":96,"column":0},"end":{"line":96,"column":10}},"96":{"start":{"line":97,"column":0},"end":{"line":97,"column":34}},"97":{"start":{"line":98,"column":0},"end":{"line":98,"column":40}},"98":{"start":{"line":99,"column":0},"end":{"line":99,"column":49}},"99":{"start":{"line":100,"column":0},"end":{"line":100,"column":55}},"100":{"start":{"line":101,"column":0},"end":{"line":101,"column":41}},"101":{"start":{"line":102,"column":0},"end":{"line":102,"column":37}},"102":{"start":{"line":103,"column":0},"end":{"line":103,"column":36}},"103":{"start":{"line":104,"column":0},"end":{"line":104,"column":42}},"104":{"start":{"line":105,"column":0},"end":{"line":105,"column":12}},"105":{"start":{"line":106,"column":0},"end":{"line":106,"column":53}},"106":{"start":{"line":107,"column":0},"end":{"line":107,"column":66}},"107":{"start":{"line":108,"column":0},"end":{"line":108,"column":57}},"108":{"start":{"line":109,"column":0},"end":{"line":109,"column":47}},"109":{"start":{"line":110,"column":0},"end":{"line":110,"column":4}},"110":{"start":{"line":111,"column":0},"end":{"line":111,"column":1}}},"s":{"8":1,"9":73,"11":73,"12":73,"13":73,"23":73,"24":2,"25":2,"26":2,"27":2,"28":2,"29":2,"30":2,"31":2,"32":2,"33":2,"34":2,"35":2,"36":2,"37":2,"38":2,"40":2,"41":2,"42":2,"43":2,"44":2,"52":73,"53":5,"54":5,"55":5,"56":5,"57":5,"58":5,"59":5,"62":73,"63":4,"64":4,"65":1,"66":1,"67":3,"68":3,"69":2,"70":1,"71":4,"72":4,"75":73,"76":1,"77":1,"78":1,"79":1,"80":1,"81":1,"82":73,"84":1,"85":12,"86":12,"87":10,"88":10,"89":10,"90":10,"91":10,"92":10,"93":10,"94":10,"95":12,"96":12,"97":12,"98":12,"99":12,"100":12,"101":12,"102":12,"103":12,"104":12,"105":12,"106":12,"107":12,"108":12,"109":12,"110":12},"branchMap":{"0":{"type":"branch","line":9,"loc":{"start":{"line":9,"column":25},"end":{"line":83,"column":1}},"locations":[{"start":{"line":9,"column":25},"end":{"line":83,"column":1}}]},"1":{"type":"branch","line":12,"loc":{"start":{"line":12,"column":2},"end":{"line":14,"column":3}},"locations":[{"start":{"line":12,"column":2},"end":{"line":14,"column":3}}]},"2":{"type":"branch","line":24,"loc":{"start":{"line":24,"column":2},"end":{"line":45,"column":3}},"locations":[{"start":{"line":24,"column":2},"end":{"line":45,"column":3}}]},"3":{"type":"branch","line":36,"loc":{"start":{"line":36,"column":25},"end":{"line":36,"column":39}},"locations":[{"start":{"line":36,"column":25},"end":{"line":36,"column":39}}]},"4":{"type":"branch","line":39,"loc":{"start":{"line":39,"column":21},"end":{"line":39,"column":44}},"locations":[{"start":{"line":39,"column":21},"end":{"line":39,"column":44}}]},"5":{"type":"branch","line":53,"loc":{"start":{"line":53,"column":2},"end":{"line":60,"column":3}},"locations":[{"start":{"line":53,"column":2},"end":{"line":60,"column":3}}]},"6":{"type":"branch","line":63,"loc":{"start":{"line":63,"column":2},"end":{"line":73,"column":3}},"locations":[{"start":{"line":63,"column":2},"end":{"line":73,"column":3}}]},"7":{"type":"branch","line":65,"loc":{"start":{"line":65,"column":29},"end":{"line":67,"column":5}},"locations":[{"start":{"line":65,"column":29},"end":{"line":67,"column":5}}]},"8":{"type":"branch","line":67,"loc":{"start":{"line":67,"column":4},"end":{"line":69,"column":54}},"locations":[{"start":{"line":67,"column":4},"end":{"line":69,"column":54}}]},"9":{"type":"branch","line":69,"loc":{"start":{"line":69,"column":12},"end":{"line":70,"column":50}},"locations":[{"start":{"line":69,"column":12},"end":{"line":70,"column":50}}]},"10":{"type":"branch","line":70,"loc":{"start":{"line":70,"column":12},"end":{"line":71,"column":9}},"locations":[{"start":{"line":70,"column":12},"end":{"line":71,"column":9}}]},"11":{"type":"branch","line":76,"loc":{"start":{"line":76,"column":2},"end":{"line":82,"column":3}},"locations":[{"start":{"line":76,"column":2},"end":{"line":82,"column":3}}]},"12":{"type":"branch","line":85,"loc":{"start":{"line":85,"column":7},"end":{"line":111,"column":1}},"locations":[{"start":{"line":85,"column":7},"end":{"line":111,"column":1}}]},"13":{"type":"branch","line":87,"loc":{"start":{"line":87,"column":20},"end":{"line":95,"column":3}},"locations":[{"start":{"line":87,"column":20},"end":{"line":95,"column":3}}]},"14":{"type":"branch","line":90,"loc":{"start":{"line":90,"column":15},"end":{"line":90,"column":37}},"locations":[{"start":{"line":90,"column":15},"end":{"line":90,"column":37}}]},"15":{"type":"branch","line":91,"loc":{"start":{"line":91,"column":16},"end":{"line":91,"column":39}},"locations":[{"start":{"line":91,"column":16},"end":{"line":91,"column":39}}]},"16":{"type":"branch","line":92,"loc":{"start":{"line":92,"column":21},"end":{"line":92,"column":53}},"locations":[{"start":{"line":92,"column":21},"end":{"line":92,"column":53}}]},"17":{"type":"branch","line":97,"loc":{"start":{"line":97,"column":14},"end":{"line":97,"column":34}},"locations":[{"start":{"line":97,"column":14},"end":{"line":97,"column":34}}]},"18":{"type":"branch","line":98,"loc":{"start":{"line":98,"column":17},"end":{"line":98,"column":40}},"locations":[{"start":{"line":98,"column":17},"end":{"line":98,"column":40}}]},"19":{"type":"branch","line":99,"loc":{"start":{"line":99,"column":21},"end":{"line":99,"column":49}},"locations":[{"start":{"line":99,"column":21},"end":{"line":99,"column":49}}]},"20":{"type":"branch","line":101,"loc":{"start":{"line":101,"column":19},"end":{"line":101,"column":41}},"locations":[{"start":{"line":101,"column":19},"end":{"line":101,"column":41}}]},"21":{"type":"branch","line":102,"loc":{"start":{"line":102,"column":17},"end":{"line":102,"column":37}},"locations":[{"start":{"line":102,"column":17},"end":{"line":102,"column":37}}]},"22":{"type":"branch","line":103,"loc":{"start":{"line":103,"column":15},"end":{"line":103,"column":36}},"locations":[{"start":{"line":103,"column":15},"end":{"line":103,"column":36}}]},"23":{"type":"branch","line":104,"loc":{"start":{"line":104,"column":18},"end":{"line":104,"column":42}},"locations":[{"start":{"line":104,"column":18},"end":{"line":104,"column":42}}]},"24":{"type":"branch","line":106,"loc":{"start":{"line":106,"column":23},"end":{"line":106,"column":53}},"locations":[{"start":{"line":106,"column":23},"end":{"line":106,"column":53}}]},"25":{"type":"branch","line":107,"loc":{"start":{"line":107,"column":22},"end":{"line":107,"column":66}},"locations":[{"start":{"line":107,"column":22},"end":{"line":107,"column":66}}]}},"b":{"0":[73],"1":[73],"2":[2],"3":[1],"4":[1],"5":[5],"6":[4],"7":[1],"8":[3],"9":[2],"10":[1],"11":[1],"12":[12],"13":[10],"14":[0],"15":[0],"16":[9],"17":[0],"18":[2],"19":[3],"20":[3],"21":[3],"22":[11],"23":[11],"24":[11],"25":[3]},"fnMap":{"0":{"name":"<instance_members_initializer>","decl":{"start":{"line":9,"column":25},"end":{"line":83,"column":1}},"loc":{"start":{"line":9,"column":25},"end":{"line":83,"column":1}},"line":9},"1":{"name":"ApprovalAPI","decl":{"start":{"line":12,"column":2},"end":{"line":14,"column":3}},"loc":{"start":{"line":12,"column":2},"end":{"line":14,"column":3}},"line":12},"2":{"name":"create","decl":{"start":{"line":24,"column":2},"end":{"line":45,"column":3}},"loc":{"start":{"line":24,"column":2},"end":{"line":45,"column":3}},"line":24},"3":{"name":"respond","decl":{"start":{"line":53,"column":2},"end":{"line":60,"column":3}},"loc":{"start":{"line":53,"column":2},"end":{"line":60,"column":3}},"line":53},"4":{"name":"list","decl":{"start":{"line":63,"column":2},"end":{"line":73,"column":3}},"loc":{"start":{"line":63,"column":2},"end":{"line":73,"column":3}},"line":63},"5":{"name":"revoke","decl":{"start":{"line":76,"column":2},"end":{"line":82,"column":3}},"loc":{"start":{"line":76,"column":2},"end":{"line":82,"column":3}},"line":76},"6":{"name":"parseApproval","decl":{"start":{"line":85,"column":7},"end":{"line":111,"column":1}},"loc":{"start":{"line":85,"column":7},"end":{"line":111,"column":1}},"line":85}},"f":{"0":73,"1":73,"2":2,"3":5,"4":4,"5":1,"6":12}}
,"/Users/svenloth/dev/atap/sdks/javascript/src/client.ts": {"path":"/Users/svenloth/dev/atap/sdks/javascript/src/client.ts","all":false,"statementMap":{"4":{"start":{"line":5,"column":0},"end":{"line":5,"column":45}},"5":{"start":{"line":6,"column":0},"end":{"line":6,"column":49}},"6":{"start":{"line":7,"column":0},"end":{"line":7,"column":60}},"7":{"start":{"line":8,"column":0},"end":{"line":8,"column":42}},"8":{"start":{"line":9,"column":0},"end":{"line":9,"column":46}},"9":{"start":{"line":10,"column":0},"end":{"line":10,"column":42}},"10":{"start":{"line":11,"column":0},"end":{"line":11,"column":39}},"12":{"start":{"line":13,"column":0},"end":{"line":13,"column":42}},"13":{"start":{"line":14,"column":0},"end":{"line":14,"column":49}},"60":{"start":{"line":61,"column":0},"end":{"line":61,"column":25}},"62":{"start":{"line":63,"column":0},"end":{"line":63,"column":29}},"63":{"start":{"line":64,"column":0},"end":{"line":64,"column":32}},"64":{"start":{"line":65,"column":0},"end":{"line":65,"column":43}},"65":{"start":{"line":66,"column":0},"end":{"line":66,"column":50}},"66":{"start":{"line":67,"column":0},"end":{"line":67,"column":54}},"68":{"start":{"line":69,"column":0},"end":{"line":69,"column":31}},"69":{"start":{"line":70,"column":0},"end":{"line":70,"column":34}},"70":{"start":{"line":71,"column":0},"end":{"line":71,"column":38}},"71":{"start":{"line":72,"column":0},"end":{"line":72,"column":31}},"72":{"start":{"line":73,"column":0},"end":{"line":73,"column":38}},"73":{"start":{"line":74,"column":0},"end":{"line":74,"column":35}},"75":{"start":{"line":76,"column":0},"end":{"line":76,"column":48}},"76":{"start":{"line":77,"column":0},"end":{"line":77,"column":63}},"77":{"start":{"line":78,"column":0},"end":{"line":78,"column":45}},"79":{"start":{"line":80,"column":0},"end":{"line":80,"column":65}},"80":{"start":{"line":81,"column":0},"end":{"line":81,"column":34}},"81":{"start":{"line":82,"column":0},"end":{"line":82,"column":26}},"82":{"start":{"line":83,"column":0},"end":{"line":83,"column":31}},"83":{"start":{"line":84,"column":0},"end":{"line":84,"column":59}},"85":{"start":{"line":86,"column":0},"end":{"line":86,"column":29}},"86":{"start":{"line":87,"column":0},"end":{"line":87,"column":44}},"87":{"start":{"line":88,"column":0},"end":{"line":88,"column":36}},"88":{"start":{"line":89,"column":0},"end":{"line":89,"column":60}},"89":{"start":{"line":90,"column":0},"end":{"line":90,"column":12}},"90":{"start":{"line":91,"column":0},"end":{"line":91,"column":30}},"91":{"start":{"line":92,"column":0},"end":{"line":92,"column":5}},"93":{"start":{"line":94,"column":0},"end":{"line":94,"column":40}},"94":{"start":{"line":95,"column":0},"end":{"line":95,"column":45}},"95":{"start":{"line":96,"column":0},"end":{"line":96,"column":31}},"96":{"start":{"line":97,"column":0},"end":{"line":97,"column":37}},"97":{"start":{"line":98,"column":0},"end":{"line":98,"column":23}},"98":{"start":{"line":99,"column":0},"end":{"line":99,"column":43}},"99":{"start":{"line":100,"column":0},"end":{"line":100,"column":31}},"100":{"start":{"line":101,"column":0},"end":{"line":101,"column":45}},"101":{"start":{"line":102,"column":0},"end":{"line":102,"column":9}},"102":{"start":{"line":103,"column":0},"end":{"line":103,"column":12}},"103":{"start":{"line":104,"column":0},"end":{"line":104,"column":32}},"104":{"start":{"line":105,"column":0},"end":{"line":105,"column":5}},"107":{"start":{"line":108,"column":0},"end":{"line":108,"column":40}},"108":{"start":{"line":109,"column":0},"end":{"line":109,"column":43}},"109":{"start":{"line":110,"column":0},"end":{"line":110,"column":47}},"110":{"start":{"line":111,"column":0},"end":{"line":111,"column":40}},"111":{"start":{"line":112,"column":0},"end":{"line":112,"column":47}},"112":{"start":{"line":113,"column":0},"end":{"line":113,"column":44}},"113":{"start":{"line":114,"column":0},"end":{"line":114,"column":3}},"116":{"start":{"line":117,"column":0},"end":{"line":117,"column":36}},"117":{"start":{"line":118,"column":0},"end":{"line":118,"column":30}},"118":{"start":{"line":119,"column":0},"end":{"line":119,"column":22}},"119":{"start":{"line":120,"column":0},"end":{"line":120,"column":69}},"120":{"start":{"line":121,"column":0},"end":{"line":121,"column":8}},"121":{"start":{"line":122,"column":0},"end":{"line":122,"column":5}},"122":{"start":{"line":123,"column":0},"end":{"line":123,"column":30}},"123":{"start":{"line":124,"column":0},"end":{"line":124,"column":3}},"126":{"start":{"line":127,"column":0},"end":{"line":127,"column":23}},"127":{"start":{"line":128,"column":0},"end":{"line":128,"column":19}},"128":{"start":{"line":129,"column":0},"end":{"line":129,"column":17}},"129":{"start":{"line":130,"column":0},"end":{"line":130,"column":43}},"130":{"start":{"line":131,"column":0},"end":{"line":131,"column":39}},"131":{"start":{"line":132,"column":0},"end":{"line":132,"column":51}},"132":{"start":{"line":133,"column":0},"end":{"line":133,"column":22}},"133":{"start":{"line":134,"column":0},"end":{"line":134,"column":95}},"134":{"start":{"line":135,"column":0},"end":{"line":135,"column":8}},"135":{"start":{"line":136,"column":0},"end":{"line":136,"column":5}},"137":{"start":{"line":138,"column":0},"end":{"line":138,"column":66}},"138":{"start":{"line":139,"column":0},"end":{"line":139,"column":43}},"139":{"start":{"line":140,"column":0},"end":{"line":140,"column":13}},"140":{"start":{"line":141,"column":0},"end":{"line":141,"column":11}},"141":{"start":{"line":142,"column":0},"end":{"line":142,"column":23}},"142":{"start":{"line":143,"column":0},"end":{"line":143,"column":18}},"143":{"start":{"line":144,"column":0},"end":{"line":144,"column":27}},"144":{"start":{"line":145,"column":0},"end":{"line":145,"column":11}},"145":{"start":{"line":146,"column":0},"end":{"line":146,"column":6}},"146":{"start":{"line":147,"column":0},"end":{"line":147,"column":3}},"147":{"start":{"line":148,"column":0},"end":{"line":148,"column":1}}},"s":{"4":1,"5":1,"6":1,"7":1,"8":1,"9":1,"10":1,"12":1,"13":1,"60":1,"62":73,"63":73,"64":73,"65":73,"66":73,"68":73,"69":73,"70":73,"71":73,"72":73,"73":73,"75":73,"76":73,"77":73,"79":73,"80":73,"81":73,"82":73,"83":72,"85":73,"86":41,"87":71,"88":2,"89":32,"90":30,"91":30,"93":73,"94":43,"95":43,"96":43,"97":43,"98":43,"99":43,"100":43,"101":43,"102":71,"103":30,"104":30,"107":73,"108":73,"109":73,"110":73,"111":73,"112":73,"113":73,"116":73,"117":5,"118":1,"119":1,"120":1,"121":1,"122":4,"123":5,"126":73,"127":40,"128":40,"129":40,"130":40,"131":40,"132":1,"133":1,"134":1,"135":1,"137":39,"138":39,"139":39,"140":39,"141":39,"142":39,"143":39,"144":39,"145":39,"146":40,"147":73},"branchMap":{"0":{"type":"branch","line":61,"loc":{"start":{"line":61,"column":24},"end":{"line":148,"column":1}},"locations":[{"start":{"line":61,"column":24},"end":{"line":148,"column":1}}]},"1":{"type":"branch","line":76,"loc":{"start":{"line":76,"column":2},"end":{"line":114,"column":3}},"locations":[{"start":{"line":76,"column":2},"end":{"line":114,"column":3}}]},"2":{"type":"branch","line":77,"loc":{"start":{"line":77,"column":28},"end":{"line":77,"column":63}},"locations":[{"start":{"line":77,"column":28},"end":{"line":77,"column":63}}]},"3":{"type":"branch","line":81,"loc":{"start":{"line":81,"column":24},"end":{"line":81,"column":34}},"locations":[{"start":{"line":81,"column":24},"end":{"line":81,"column":34}}]},"4":{"type":"branch","line":83,"loc":{"start":{"line":83,"column":14},"end":{"line":84,"column":59}},"locations":[{"start":{"line":83,"column":14},"end":{"line":84,"column":59}}]},"5":{"type":"branch","line":84,"loc":{"start":{"line":84,"column":12},"end":{"line":84,"column":46}},"locations":[{"start":{"line":84,"column":12},"end":{"line":84,"column":46}}]},"6":{"type":"branch","line":84,"loc":{"start":{"line":84,"column":42},"end":{"line":84,"column":59}},"locations":[{"start":{"line":84,"column":42},"end":{"line":84,"column":59}}]},"7":{"type":"branch","line":86,"loc":{"start":{"line":86,"column":28},"end":{"line":92,"column":5}},"locations":[{"start":{"line":86,"column":28},"end":{"line":92,"column":5}}]},"8":{"type":"branch","line":86,"loc":{"start":{"line":86,"column":28},"end":{"line":88,"column":15}},"locations":[{"start":{"line":86,"column":28},"end":{"line":88,"column":15}}]},"9":{"type":"branch","line":88,"loc":{"start":{"line":88,"column":4},"end":{"line":92,"column":5}},"locations":[{"start":{"line":88,"column":4},"end":{"line":92,"column":5}}]},"10":{"type":"branch","line":88,"loc":{"start":{"line":88,"column":35},"end":{"line":90,"column":11}},"locations":[{"start":{"line":88,"column":35},"end":{"line":90,"column":11}}]},"11":{"type":"branch","line":90,"loc":{"start":{"line":90,"column":4},"end":{"line":92,"column":5}},"locations":[{"start":{"line":90,"column":4},"end":{"line":92,"column":5}}]},"12":{"type":"branch","line":94,"loc":{"start":{"line":94,"column":13},"end":{"line":94,"column":39}},"locations":[{"start":{"line":94,"column":13},"end":{"line":94,"column":39}}]},"13":{"type":"branch","line":94,"loc":{"start":{"line":94,"column":39},"end":{"line":105,"column":5}},"locations":[{"start":{"line":94,"column":39},"end":{"line":105,"column":5}}]},"14":{"type":"branch","line":94,"loc":{"start":{"line":94,"column":39},"end":{"line":103,"column":11}},"locations":[{"start":{"line":94,"column":39},"end":{"line":103,"column":11}}]},"15":{"type":"branch","line":103,"loc":{"start":{"line":103,"column":4},"end":{"line":105,"column":5}},"locations":[{"start":{"line":103,"column":4},"end":{"line":105,"column":5}}]},"16":{"type":"branch","line":117,"loc":{"start":{"line":117,"column":2},"end":{"line":124,"column":3}},"locations":[{"start":{"line":117,"column":2},"end":{"line":124,"column":3}}]},"17":{"type":"branch","line":118,"loc":{"start":{"line":118,"column":29},"end":{"line":122,"column":5}},"locations":[{"start":{"line":118,"column":29},"end":{"line":122,"column":5}}]},"18":{"type":"branch","line":122,"loc":{"start":{"line":122,"column":4},"end":{"line":123,"column":30}},"locations":[{"start":{"line":122,"column":4},"end":{"line":123,"column":30}}]},"19":{"type":"branch","line":127,"loc":{"start":{"line":127,"column":2},"end":{"line":147,"column":3}},"locations":[{"start":{"line":127,"column":2},"end":{"line":147,"column":3}}]},"20":{"type":"branch","line":132,"loc":{"start":{"line":132,"column":14},"end":{"line":132,"column":50}},"locations":[{"start":{"line":132,"column":14},"end":{"line":132,"column":50}}]},"21":{"type":"branch","line":132,"loc":{"start":{"line":132,"column":50},"end":{"line":136,"column":5}},"locations":[{"start":{"line":132,"column":50},"end":{"line":136,"column":5}}]},"22":{"type":"branch","line":136,"loc":{"start":{"line":136,"column":4},"end":{"line":146,"column":6}},"locations":[{"start":{"line":136,"column":4},"end":{"line":146,"column":6}}]}},"b":{"0":[73],"1":[73],"2":[7],"3":[30],"4":[72],"5":[42],"6":[30],"7":[71],"8":[41],"9":[32],"10":[2],"11":[30],"12":[43],"13":[71],"14":[43],"15":[30],"16":[5],"17":[1],"18":[4],"19":[40],"20":[39],"21":[1],"22":[39]},"fnMap":{"0":{"name":"<instance_members_initializer>","decl":{"start":{"line":61,"column":24},"end":{"line":148,"column":1}},"loc":{"start":{"line":61,"column":24},"end":{"line":148,"column":1}},"line":61},"1":{"name":"ATAPClient","decl":{"start":{"line":76,"column":2},"end":{"line":114,"column":3}},"loc":{"start":{"line":76,"column":2},"end":{"line":114,"column":3}},"line":76},"2":{"name":"get tokenManager","decl":{"start":{"line":117,"column":2},"end":{"line":124,"column":3}},"loc":{"start":{"line":117,"column":2},"end":{"line":124,"column":3}},"line":117},"3":{"name":"_authedRequest","decl":{"start":{"line":127,"column":2},"end":{"line":147,"column":3}},"loc":{"start":{"line":127,"column":2},"end":{"line":147,"column":3}},"line":127}},"f":{"0":73,"1":73,"2":5,"3":40}}
,"/Users/svenloth/dev/atap/sdks/javascript/src/credentials.ts": {"path":"/Users/svenloth/dev/atap/sdks/javascript/src/credentials.ts","all":false,"statementMap":{"8":{"start":{"line":9,"column":0},"end":{"line":9,"column":28}},"9":{"start":{"line":10,"column":0},"end":{"line":10,"column":39}},"11":{"start":{"line":12,"column":0},"end":{"line":12,"column":35}},"12":{"start":{"line":13,"column":0},"end":{"line":13,"column":26}},"13":{"start":{"line":14,"column":0},"end":{"line":14,"column":3}},"21":{"start":{"line":22,"column":0},"end":{"line":22,"column":64}},"22":{"start":{"line":23,"column":0},"end":{"line":23,"column":51}},"23":{"start":{"line":24,"column":0},"end":{"line":24,"column":13}},"24":{"start":{"line":25,"column":0},"end":{"line":25,"column":36}},"25":{"start":{"line":26,"column":0},"end":{"line":26,"column":30}},"26":{"start":{"line":27,"column":0},"end":{"line":27,"column":6}},"27":{"start":{"line":28,"column":0},"end":{"line":28,"column":50}},"28":{"start":{"line":29,"column":0},"end":{"line":29,"column":3}},"37":{"start":{"line":38,"column":0},"end":{"line":38,"column":70}},"38":{"start":{"line":39,"column":0},"end":{"line":39,"column":51}},"39":{"start":{"line":40,"column":0},"end":{"line":40,"column":13}},"40":{"start":{"line":41,"column":0},"end":{"line":41,"column":37}},"41":{"start":{"line":42,"column":0},"end":{"line":42,"column":35}},"42":{"start":{"line":43,"column":0},"end":{"line":43,"column":6}},"43":{"start":{"line":44,"column":0},"end":{"line":44,"column":33}},"44":{"start":{"line":45,"column":0},"end":{"line":45,"column":3}},"52":{"start":{"line":53,"column":0},"end":{"line":53,"column":64}},"53":{"start":{"line":54,"column":0},"end":{"line":54,"column":51}},"54":{"start":{"line":55,"column":0},"end":{"line":55,"column":13}},"55":{"start":{"line":56,"column":0},"end":{"line":56,"column":36}},"56":{"start":{"line":57,"column":0},"end":{"line":57,"column":30}},"57":{"start":{"line":58,"column":0},"end":{"line":58,"column":6}},"58":{"start":{"line":59,"column":0},"end":{"line":59,"column":50}},"59":{"start":{"line":60,"column":0},"end":{"line":60,"column":3}},"68":{"start":{"line":69,"column":0},"end":{"line":69,"column":70}},"69":{"start":{"line":70,"column":0},"end":{"line":70,"column":51}},"70":{"start":{"line":71,"column":0},"end":{"line":71,"column":13}},"71":{"start":{"line":72,"column":0},"end":{"line":72,"column":37}},"72":{"start":{"line":73,"column":0},"end":{"line":73,"column":35}},"73":{"start":{"line":74,"column":0},"end":{"line":74,"column":6}},"74":{"start":{"line":75,"column":0},"end":{"line":75,"column":33}},"75":{"start":{"line":76,"column":0},"end":{"line":76,"column":3}},"83":{"start":{"line":84,"column":0},"end":{"line":84,"column":25}},"84":{"start":{"line":85,"column":0},"end":{"line":85,"column":45}},"85":{"start":{"line":86,"column":0},"end":{"line":86,"column":26}},"86":{"start":{"line":87,"column":0},"end":{"line":87,"column":45}},"87":{"start":{"line":88,"column":0},"end":{"line":88,"column":75}},"89":{"start":{"line":90,"column":0},"end":{"line":90,"column":51}},"90":{"start":{"line":91,"column":0},"end":{"line":91,"column":13}},"91":{"start":{"line":92,"column":0},"end":{"line":92,"column":35}},"92":{"start":{"line":93,"column":0},"end":{"line":93,"column":25}},"93":{"start":{"line":94,"column":0},"end":{"line":94,"column":6}},"94":{"start":{"line":95,"column":0},"end":{"line":95,"column":33}},"95":{"start":{"line":96,"column":0},"end":{"line":96,"column":3}},"98":{"start":{"line":99,"column":0},"end":{"line":99,"column":39}},"99":{"start":{"line":100,"column":0},"end":{"line":100,"column":77}},"100":{"start":{"line":101,"column":0},"end":{"line":101,"column":30}},"101":{"start":{"line":102,"column":0},"end":{"line":102,"column":70}},"102":{"start":{"line":103,"column":0},"end":{"line":103,"column":5}},"103":{"start":{"line":104,"column":0},"end":{"line":104,"column":71}},"104":{"start":{"line":105,"column":0},"end":{"line":105,"column":22}},"105":{"start":{"line":106,"column":0},"end":{"line":106,"column":6}},"106":{"start":{"line":107,"column":0},"end":{"line":107,"column":3}},"113":{"start":{"line":114,"column":0},"end":{"line":114,"column":19}},"114":{"start":{"line":115,"column":0},"end":{"line":115,"column":17}},"115":{"start":{"line":116,"column":0},"end":{"line":116,"column":39}},"116":{"start":{"line":117,"column":0},"end":{"line":117,"column":38}},"117":{"start":{"line":118,"column":0},"end":{"line":118,"column":12}},"118":{"start":{"line":119,"column":0},"end":{"line":119,"column":41}},"119":{"start":{"line":120,"column":0},"end":{"line":120,"column":6}},"120":{"start":{"line":121,"column":0},"end":{"line":121,"column":3}},"121":{"start":{"line":122,"column":0},"end":{"line":122,"column":1}},"123":{"start":{"line":124,"column":0},"end":{"line":124,"column":76}},"124":{"start":{"line":125,"column":0},"end":{"line":125,"column":10}},"125":{"start":{"line":126,"column":0},"end":{"line":126,"column":34}},"126":{"start":{"line":127,"column":0},"end":{"line":127,"column":38}},"127":{"start":{"line":128,"column":0},"end":{"line":128,"column":50}},"128":{"start":{"line":129,"column":0},"end":{"line":129,"column":47}},"129":{"start":{"line":130,"column":0},"end":{"line":130,"column":53}},"130":{"start":{"line":131,"column":0},"end":{"line":131,"column":4}},"131":{"start":{"line":132,"column":0},"end":{"line":132,"column":1}}},"s":{"8":1,"9":73,"11":73,"12":73,"13":73,"21":73,"22":2,"23":2,"24":2,"25":2,"26":2,"27":2,"28":2,"37":73,"38":3,"39":3,"40":3,"41":3,"42":3,"43":3,"44":3,"52":73,"53":1,"54":1,"55":1,"56":1,"57":1,"58":1,"59":1,"68":73,"69":1,"70":1,"71":1,"72":1,"73":1,"74":1,"75":1,"83":73,"84":2,"85":2,"86":2,"87":2,"89":2,"90":2,"91":2,"92":2,"93":2,"94":2,"95":2,"98":73,"99":3,"100":3,"101":1,"102":1,"103":3,"104":3,"105":3,"106":3,"113":73,"114":2,"115":2,"116":2,"117":2,"118":2,"119":2,"120":2,"121":73,"123":1,"124":9,"125":9,"126":9,"127":9,"128":9,"129":9,"130":9,"131":9},"branchMap":{"0":{"type":"branch","line":9,"loc":{"start":{"line":9,"column":27},"end":{"line":122,"column":1}},"locations":[{"start":{"line":9,"column":27},"end":{"line":122,"column":1}}]},"1":{"type":"branch","line":12,"loc":{"start":{"line":12,"column":2},"end":{"line":14,"column":3}},"locations":[{"start":{"line":12,"column":2},"end":{"line":14,"column":3}}]},"2":{"type":"branch","line":22,"loc":{"start":{"line":22,"column":2},"end":{"line":29,"column":3}},"locations":[{"start":{"line":22,"column":2},"end":{"line":29,"column":3}}]},"3":{"type":"branch","line":28,"loc":{"start":{"line":28,"column":17},"end":{"line":28,"column":50}},"locations":[{"start":{"line":28,"column":17},"end":{"line":28,"column":50}}]},"4":{"type":"branch","line":38,"loc":{"start":{"line":38,"column":2},"end":{"line":45,"column":3}},"locations":[{"start":{"line":38,"column":2},"end":{"line":45,"column":3}}]},"5":{"type":"branch","line":53,"loc":{"start":{"line":53,"column":2},"end":{"line":60,"column":3}},"locations":[{"start":{"line":53,"column":2},"end":{"line":60,"column":3}}]},"6":{"type":"branch","line":59,"loc":{"start":{"line":59,"column":17},"end":{"line":59,"column":50}},"locations":[{"start":{"line":59,"column":17},"end":{"line":59,"column":50}}]},"7":{"type":"branch","line":69,"loc":{"start":{"line":69,"column":2},"end":{"line":76,"column":3}},"locations":[{"start":{"line":69,"column":2},"end":{"line":76,"column":3}}]},"8":{"type":"branch","line":84,"loc":{"start":{"line":84,"column":2},"end":{"line":96,"column":3}},"locations":[{"start":{"line":84,"column":2},"end":{"line":96,"column":3}}]},"9":{"type":"branch","line":88,"loc":{"start":{"line":88,"column":31},"end":{"line":88,"column":75}},"locations":[{"start":{"line":88,"column":31},"end":{"line":88,"column":75}}]},"10":{"type":"branch","line":99,"loc":{"start":{"line":99,"column":2},"end":{"line":107,"column":3}},"locations":[{"start":{"line":99,"column":2},"end":{"line":107,"column":3}}]},"11":{"type":"branch","line":101,"loc":{"start":{"line":101,"column":29},"end":{"line":104,"column":63}},"locations":[{"start":{"line":101,"column":29},"end":{"line":104,"column":63}}]},"12":{"type":"branch","line":101,"loc":{"start":{"line":101,"column":29},"end":{"line":103,"column":5}},"locations":[{"start":{"line":101,"column":29},"end":{"line":103,"column":5}}]},"13":{"type":"branch","line":104,"loc":{"start":{"line":104,"column":18},"end":{"line":104,"column":67}},"locations":[{"start":{"line":104,"column":18},"end":{"line":104,"column":67}}]},"14":{"type":"branch","line":114,"loc":{"start":{"line":114,"column":2},"end":{"line":121,"column":3}},"locations":[{"start":{"line":114,"column":2},"end":{"line":121,"column":3}}]},"15":{"type":"branch","line":124,"loc":{"start":{"line":124,"column":7},"end":{"line":132,"column":1}},"locations":[{"start":{"line":124,"column":7},"end":{"line":132,"column":1}}]},"16":{"type":"branch","line":126,"loc":{"start":{"line":126,"column":14},"end":{"line":126,"column":34}},"locations":[{"start":{"line":126,"column":14},"end":{"line":126,"column":34}}]},"17":{"type":"branch","line":127,"loc":{"start":{"line":127,"column":16},"end":{"line":127,"column":38}},"locations":[{"start":{"line":127,"column":16},"end":{"line":127,"column":38}}]},"18":{"type":"branch","line":128,"loc":{"start":{"line":128,"column":22},"end":{"line":128,"column":50}},"locations":[{"start":{"line":128,"column":22},"end":{"line":128,"column":50}}]},"19":{"type":"branch","line":129,"loc":{"start":{"line":129,"column":20},"end":{"line":129,"column":47}},"locations":[{"start":{"line":129,"column":20},"end":{"line":129,"column":47}}]}},"b":{"0":[73],"1":[73],"2":[2],"3":[1],"4":[3],"5":[1],"6":[0],"7":[1],"8":[2],"9":[1],"10":[3],"11":[2],"12":[1],"13":[0],"14":[2],"15":[9],"16":[1],"17":[1],"18":[1],"19":[1]},"fnMap":{"0":{"name":"<instance_members_initializer>","decl":{"start":{"line":9,"column":27},"end":{"line":122,"column":1}},"loc":{"start":{"line":9,"column":27},"end":{"line":122,"column":1}},"line":9},"1":{"name":"CredentialAPI","decl":{"start":{"line":12,"column":2},"end":{"line":14,"column":3}},"loc":{"start":{"line":12,"column":2},"end":{"line":14,"column":3}},"line":12},"2":{"name":"startEmailVerification","decl":{"start":{"line":22,"column":2},"end":{"line":29,"column":3}},"loc":{"start":{"line":22,"column":2},"end":{"line":29,"column":3}},"line":22},"3":{"name":"verifyEmail","decl":{"start":{"line":38,"column":2},"end":{"line":45,"column":3}},"loc":{"start":{"line":38,"column":2},"end":{"line":45,"column":3}},"line":38},"4":{"name":"startPhoneVerification","decl":{"start":{"line":53,"column":2},"end":{"line":60,"column":3}},"loc":{"start":{"line":53,"column":2},"end":{"line":60,"column":3}},"line":53},"5":{"name":"verifyPhone","decl":{"start":{"line":69,"column":2},"end":{"line":76,"column":3}},"loc":{"start":{"line":69,"column":2},"end":{"line":76,"column":3}},"line":69},"6":{"name":"submitPersonhood","decl":{"start":{"line":84,"column":2},"end":{"line":96,"column":3}},"loc":{"start":{"line":84,"column":2},"end":{"line":96,"column":3}},"line":84},"7":{"name":"list","decl":{"start":{"line":99,"column":2},"end":{"line":107,"column":3}},"loc":{"start":{"line":99,"column":2},"end":{"line":107,"column":3}},"line":99},"8":{"name":"statusList","decl":{"start":{"line":114,"column":2},"end":{"line":121,"column":3}},"loc":{"start":{"line":114,"column":2},"end":{"line":121,"column":3}},"line":114},"9":{"name":"parseCredential","decl":{"start":{"line":124,"column":7},"end":{"line":132,"column":1}},"loc":{"start":{"line":124,"column":7},"end":{"line":132,"column":1}},"line":124}},"f":{"0":73,"1":73,"2":2,"3":3,"4":1,"5":1,"6":2,"7":3,"8":2,"9":9}}
,"/Users/svenloth/dev/atap/sdks/javascript/src/crypto.ts": {"path":"/Users/svenloth/dev/atap/sdks/javascript/src/crypto.ts","all":false,"statementMap":{"7":{"start":{"line":8,"column":0},"end":{"line":8,"column":37}},"8":{"start":{"line":9,"column":0},"end":{"line":9,"column":46}},"11":{"start":{"line":12,"column":0},"end":{"line":12,"column":56}},"12":{"start":{"line":13,"column":0},"end":{"line":13,"column":52}},"13":{"start":{"line":14,"column":0},"end":{"line":14,"column":75}},"14":{"start":{"line":15,"column":0},"end":{"line":15,"column":1}},"17":{"start":{"line":18,"column":0},"end":{"line":18,"column":53}},"18":{"start":{"line":19,"column":0},"end":{"line":19,"column":55}},"19":{"start":{"line":20,"column":0},"end":{"line":20,"column":42}},"20":{"start":{"line":21,"column":0},"end":{"line":21,"column":22}},"21":{"start":{"line":22,"column":0},"end":{"line":22,"column":34}},"22":{"start":{"line":23,"column":0},"end":{"line":23,"column":3}},"23":{"start":{"line":24,"column":0},"end":{"line":24,"column":30}},"24":{"start":{"line":25,"column":0},"end":{"line":25,"column":46}},"25":{"start":{"line":26,"column":0},"end":{"line":26,"column":43}},"26":{"start":{"line":27,"column":0},"end":{"line":27,"column":36}},"27":{"start":{"line":28,"column":0},"end":{"line":28,"column":3}},"28":{"start":{"line":29,"column":0},"end":{"line":29,"column":15}},"29":{"start":{"line":30,"column":0},"end":{"line":30,"column":1}},"32":{"start":{"line":33,"column":0},"end":{"line":33,"column":46}},"33":{"start":{"line":34,"column":0},"end":{"line":34,"column":17}},"34":{"start":{"line":35,"column":0},"end":{"line":35,"column":42}},"35":{"start":{"line":36,"column":0},"end":{"line":36,"column":22}},"36":{"start":{"line":37,"column":0},"end":{"line":37,"column":34}},"37":{"start":{"line":38,"column":0},"end":{"line":38,"column":3}},"38":{"start":{"line":39,"column":0},"end":{"line":39,"column":30}},"39":{"start":{"line":40,"column":0},"end":{"line":40,"column":46}},"40":{"start":{"line":41,"column":0},"end":{"line":41,"column":43}},"41":{"start":{"line":42,"column":0},"end":{"line":42,"column":36}},"42":{"start":{"line":43,"column":0},"end":{"line":43,"column":3}},"43":{"start":{"line":44,"column":0},"end":{"line":44,"column":15}},"44":{"start":{"line":45,"column":0},"end":{"line":45,"column":1}},"47":{"start":{"line":48,"column":0},"end":{"line":48,"column":50}},"50":{"start":{"line":51,"column":0},"end":{"line":51,"column":4}},"51":{"start":{"line":52,"column":0},"end":{"line":52,"column":49}},"52":{"start":{"line":53,"column":0},"end":{"line":53,"column":59}},"53":{"start":{"line":54,"column":0},"end":{"line":54,"column":35}},"54":{"start":{"line":55,"column":0},"end":{"line":55,"column":1}},"60":{"start":{"line":61,"column":0},"end":{"line":61,"column":57}},"61":{"start":{"line":62,"column":0},"end":{"line":62,"column":32}},"62":{"start":{"line":63,"column":0},"end":{"line":63,"column":26}},"63":{"start":{"line":64,"column":0},"end":{"line":64,"column":28}},"64":{"start":{"line":65,"column":0},"end":{"line":65,"column":33}},"65":{"start":{"line":66,"column":0},"end":{"line":66,"column":15}},"66":{"start":{"line":67,"column":0},"end":{"line":67,"column":3}},"67":{"start":{"line":68,"column":0},"end":{"line":68,"column":18}},"68":{"start":{"line":69,"column":0},"end":{"line":69,"column":74}},"69":{"start":{"line":70,"column":0},"end":{"line":70,"column":4}},"70":{"start":{"line":71,"column":0},"end":{"line":71,"column":1}},"73":{"start":{"line":74,"column":0},"end":{"line":74,"column":62}},"74":{"start":{"line":75,"column":0},"end":{"line":75,"column":36}},"75":{"start":{"line":76,"column":0},"end":{"line":76,"column":70}},"76":{"start":{"line":77,"column":0},"end":{"line":77,"column":61}},"77":{"start":{"line":78,"column":0},"end":{"line":78,"column":30}},"78":{"start":{"line":79,"column":0},"end":{"line":79,"column":1}},"89":{"start":{"line":90,"column":0},"end":{"line":90,"column":36}},"90":{"start":{"line":91,"column":0},"end":{"line":91,"column":25}},"91":{"start":{"line":92,"column":0},"end":{"line":92,"column":17}},"92":{"start":{"line":93,"column":0},"end":{"line":93,"column":14}},"93":{"start":{"line":94,"column":0},"end":{"line":94,"column":23}},"94":{"start":{"line":95,"column":0},"end":{"line":95,"column":20}},"95":{"start":{"line":96,"column":0},"end":{"line":96,"column":59}},"96":{"start":{"line":97,"column":0},"end":{"line":97,"column":36}},"98":{"start":{"line":99,"column":0},"end":{"line":99,"column":18}},"99":{"start":{"line":100,"column":0},"end":{"line":100,"column":20}},"100":{"start":{"line":101,"column":0},"end":{"line":101,"column":17}},"101":{"start":{"line":102,"column":0},"end":{"line":102,"column":43}},"102":{"start":{"line":103,"column":0},"end":{"line":103,"column":4}},"104":{"start":{"line":105,"column":0},"end":{"line":105,"column":44}},"105":{"start":{"line":106,"column":0},"end":{"line":106,"column":29}},"106":{"start":{"line":107,"column":0},"end":{"line":107,"column":16}},"107":{"start":{"line":108,"column":0},"end":{"line":108,"column":13}},"108":{"start":{"line":109,"column":0},"end":{"line":109,"column":39}},"109":{"start":{"line":110,"column":0},"end":{"line":110,"column":4}},"111":{"start":{"line":112,"column":0},"end":{"line":112,"column":20}},"112":{"start":{"line":113,"column":0},"end":{"line":113,"column":62}},"113":{"start":{"line":114,"column":0},"end":{"line":114,"column":36}},"114":{"start":{"line":115,"column":0},"end":{"line":115,"column":3}},"116":{"start":{"line":117,"column":0},"end":{"line":117,"column":33}},"117":{"start":{"line":118,"column":0},"end":{"line":118,"column":53}},"118":{"start":{"line":119,"column":0},"end":{"line":119,"column":4}},"119":{"start":{"line":120,"column":0},"end":{"line":120,"column":34}},"120":{"start":{"line":121,"column":0},"end":{"line":121,"column":54}},"121":{"start":{"line":122,"column":0},"end":{"line":122,"column":4}},"122":{"start":{"line":123,"column":0},"end":{"line":123,"column":78}},"124":{"start":{"line":125,"column":0},"end":{"line":125,"column":65}},"125":{"start":{"line":126,"column":0},"end":{"line":126,"column":41}},"127":{"start":{"line":128,"column":0},"end":{"line":128,"column":48}},"128":{"start":{"line":129,"column":0},"end":{"line":129,"column":1}},"131":{"start":{"line":132,"column":0},"end":{"line":132,"column":73}},"132":{"start":{"line":133,"column":0},"end":{"line":133,"column":41}},"133":{"start":{"line":134,"column":0},"end":{"line":134,"column":38}},"134":{"start":{"line":135,"column":0},"end":{"line":135,"column":45}},"135":{"start":{"line":136,"column":0},"end":{"line":136,"column":33}},"136":{"start":{"line":137,"column":0},"end":{"line":137,"column":47}},"137":{"start":{"line":138,"column":0},"end":{"line":138,"column":4}},"138":{"start":{"line":139,"column":0},"end":{"line":139,"column":33}},"139":{"start":{"line":140,"column":0},"end":{"line":140,"column":1}},"146":{"start":{"line":147,"column":0},"end":{"line":147,"column":52}},"147":{"start":{"line":148,"column":0},"end":{"line":148,"column":31}},"148":{"start":{"line":149,"column":0},"end":{"line":149,"column":25}},"149":{"start":{"line":150,"column":0},"end":{"line":150,"column":50}},"150":{"start":{"line":151,"column":0},"end":{"line":151,"column":3}},"151":{"start":{"line":152,"column":0},"end":{"line":152,"column":39}},"152":{"start":{"line":153,"column":0},"end":{"line":153,"column":1}}},"s":{"7":1,"8":1,"11":1,"12":448,"13":448,"14":448,"17":1,"18":6,"19":6,"20":6,"21":4,"22":4,"23":6,"24":6,"25":6,"26":525,"27":525,"28":6,"29":6,"32":5,"33":5,"34":5,"35":5,"36":0,"37":0,"38":5,"39":5,"40":5,"41":176,"42":176,"43":5,"44":5,"47":62,"50":62,"51":62,"52":62,"53":62,"54":62,"60":1,"61":5,"62":5,"63":1,"64":5,"65":3,"66":3,"67":1,"68":1,"69":1,"70":1,"73":1,"74":4,"75":4,"76":4,"77":4,"78":4,"89":95,"90":95,"91":95,"92":95,"93":95,"94":95,"95":95,"96":95,"98":95,"99":95,"100":95,"101":95,"102":95,"104":95,"105":95,"106":95,"107":95,"108":95,"109":95,"111":95,"112":43,"113":43,"114":43,"116":95,"117":95,"118":95,"119":95,"120":95,"121":95,"122":95,"124":95,"125":95,"127":95,"128":95,"131":1,"132":6,"133":6,"134":6,"135":6,"136":6,"137":6,"138":6,"139":6,"146":1,"147":47,"148":47,"149":2,"150":2,"151":45,"152":45},"branchMap":{"0":{"type":"branch","line":12,"loc":{"start":{"line":12,"column":7},"end":{"line":15,"column":1}},"locations":[{"start":{"line":12,"column":7},"end":{"line":15,"column":1}}]},"1":{"type":"branch","line":18,"loc":{"start":{"line":18,"column":7},"end":{"line":30,"column":1}},"locations":[{"start":{"line":18,"column":7},"end":{"line":30,"column":1}}]},"2":{"type":"branch","line":21,"loc":{"start":{"line":21,"column":21},"end":{"line":23,"column":3}},"locations":[{"start":{"line":21,"column":21},"end":{"line":23,"column":3}}]},"3":{"type":"branch","line":26,"loc":{"start":{"line":26,"column":42},"end":{"line":28,"column":3}},"locations":[{"start":{"line":26,"column":42},"end":{"line":28,"column":3}}]},"4":{"type":"branch","line":33,"loc":{"start":{"line":33,"column":0},"end":{"line":45,"column":1}},"locations":[{"start":{"line":33,"column":0},"end":{"line":45,"column":1}}]},"5":{"type":"branch","line":36,"loc":{"start":{"line":36,"column":21},"end":{"line":38,"column":3}},"locations":[{"start":{"line":36,"column":21},"end":{"line":38,"column":3}}]},"6":{"type":"branch","line":41,"loc":{"start":{"line":41,"column":42},"end":{"line":43,"column":3}},"locations":[{"start":{"line":41,"column":42},"end":{"line":43,"column":3}}]},"7":{"type":"branch","line":48,"loc":{"start":{"line":48,"column":0},"end":{"line":55,"column":1}},"locations":[{"start":{"line":48,"column":0},"end":{"line":55,"column":1}}]},"8":{"type":"branch","line":61,"loc":{"start":{"line":61,"column":7},"end":{"line":71,"column":1}},"locations":[{"start":{"line":61,"column":7},"end":{"line":71,"column":1}}]},"9":{"type":"branch","line":63,"loc":{"start":{"line":63,"column":25},"end":{"line":65,"column":13}},"locations":[{"start":{"line":63,"column":25},"end":{"line":65,"column":13}}]},"10":{"type":"branch","line":65,"loc":{"start":{"line":65,"column":2},"end":{"line":67,"column":3}},"locations":[{"start":{"line":65,"column":2},"end":{"line":67,"column":3}}]},"11":{"type":"branch","line":65,"loc":{"start":{"line":65,"column":32},"end":{"line":67,"column":3}},"locations":[{"start":{"line":65,"column":32},"end":{"line":67,"column":3}}]},"12":{"type":"branch","line":67,"loc":{"start":{"line":67,"column":2},"end":{"line":71,"column":1}},"locations":[{"start":{"line":67,"column":2},"end":{"line":71,"column":1}}]},"13":{"type":"branch","line":74,"loc":{"start":{"line":74,"column":7},"end":{"line":79,"column":1}},"locations":[{"start":{"line":74,"column":7},"end":{"line":79,"column":1}}]},"14":{"type":"branch","line":90,"loc":{"start":{"line":90,"column":0},"end":{"line":129,"column":1}},"locations":[{"start":{"line":90,"column":0},"end":{"line":129,"column":1}}]},"15":{"type":"branch","line":112,"loc":{"start":{"line":112,"column":19},"end":{"line":115,"column":3}},"locations":[{"start":{"line":112,"column":19},"end":{"line":115,"column":3}}]},"16":{"type":"branch","line":132,"loc":{"start":{"line":132,"column":7},"end":{"line":140,"column":1}},"locations":[{"start":{"line":132,"column":7},"end":{"line":140,"column":1}}]},"17":{"type":"branch","line":147,"loc":{"start":{"line":147,"column":7},"end":{"line":153,"column":1}},"locations":[{"start":{"line":147,"column":7},"end":{"line":153,"column":1}}]},"18":{"type":"branch","line":149,"loc":{"start":{"line":149,"column":24},"end":{"line":151,"column":3}},"locations":[{"start":{"line":149,"column":24},"end":{"line":151,"column":3}}]},"19":{"type":"branch","line":151,"loc":{"start":{"line":151,"column":2},"end":{"line":153,"column":1}},"locations":[{"start":{"line":151,"column":2},"end":{"line":153,"column":1}}]}},"b":{"0":[448],"1":[6],"2":[4],"3":[525],"4":[5],"5":[0],"6":[176],"7":[62],"8":[5],"9":[1],"10":[4],"11":[3],"12":[1],"13":[4],"14":[95],"15":[43],"16":[6],"17":[47],"18":[2],"19":[45]},"fnMap":{"0":{"name":"b64urlEncode","decl":{"start":{"line":12,"column":7},"end":{"line":15,"column":1}},"loc":{"start":{"line":12,"column":7},"end":{"line":15,"column":1}},"line":12},"1":{"name":"b64urlDecode","decl":{"start":{"line":18,"column":7},"end":{"line":30,"column":1}},"loc":{"start":{"line":18,"column":7},"end":{"line":30,"column":1}},"line":18},"2":{"name":"base64Decode","decl":{"start":{"line":33,"column":0},"end":{"line":45,"column":1}},"loc":{"start":{"line":33,"column":0},"end":{"line":45,"column":1}},"line":33},"3":{"name":"generateKeypair","decl":{"start":{"line":48,"column":0},"end":{"line":55,"column":1}},"loc":{"start":{"line":48,"column":0},"end":{"line":55,"column":1}},"line":48},"4":{"name":"loadSigningKey","decl":{"start":{"line":61,"column":7},"end":{"line":71,"column":1}},"loc":{"start":{"line":61,"column":7},"end":{"line":71,"column":1}},"line":61},"5":{"name":"jwkThumbprint","decl":{"start":{"line":74,"column":7},"end":{"line":79,"column":1}},"loc":{"start":{"line":74,"column":7},"end":{"line":79,"column":1}},"line":74},"6":{"name":"makeDPoPProof","decl":{"start":{"line":90,"column":0},"end":{"line":129,"column":1}},"loc":{"start":{"line":90,"column":0},"end":{"line":129,"column":1}},"line":90},"7":{"name":"generatePKCE","decl":{"start":{"line":132,"column":7},"end":{"line":140,"column":1}},"loc":{"start":{"line":132,"column":7},"end":{"line":140,"column":1}},"line":132},"8":{"name":"domainFromDID","decl":{"start":{"line":147,"column":7},"end":{"line":153,"column":1}},"loc":{"start":{"line":147,"column":7},"end":{"line":153,"column":1}},"line":147}},"f":{"0":448,"1":6,"2":5,"3":62,"4":5,"5":4,"6":95,"7":6,"8":47}}
,"/Users/svenloth/dev/atap/sdks/javascript/src/didcomm.ts": {"path":"/Users/svenloth/dev/atap/sdks/javascript/src/didcomm.ts","all":false,"statementMap":{"8":{"start":{"line":9,"column":0},"end":{"line":9,"column":25}},"9":{"start":{"line":10,"column":0},"end":{"line":10,"column":39}},"11":{"start":{"line":12,"column":0},"end":{"line":12,"column":35}},"12":{"start":{"line":13,"column":0},"end":{"line":13,"column":26}},"13":{"start":{"line":14,"column":0},"end":{"line":14,"column":3}},"21":{"start":{"line":22,"column":0},"end":{"line":22,"column":70}},"22":{"start":{"line":23,"column":0},"end":{"line":23,"column":62}},"23":{"start":{"line":24,"column":0},"end":{"line":24,"column":16}},"24":{"start":{"line":25,"column":0},"end":{"line":25,"column":61}},"25":{"start":{"line":26,"column":0},"end":{"line":26,"column":8}},"26":{"start":{"line":27,"column":0},"end":{"line":27,"column":63}},"27":{"start":{"line":28,"column":0},"end":{"line":28,"column":7}},"28":{"start":{"line":29,"column":0},"end":{"line":29,"column":3}},"35":{"start":{"line":36,"column":0},"end":{"line":36,"column":72}},"36":{"start":{"line":37,"column":0},"end":{"line":37,"column":53}},"37":{"start":{"line":38,"column":0},"end":{"line":38,"column":51}},"38":{"start":{"line":39,"column":0},"end":{"line":39,"column":12}},"39":{"start":{"line":40,"column":0},"end":{"line":40,"column":26}},"40":{"start":{"line":41,"column":0},"end":{"line":41,"column":43}},"41":{"start":{"line":42,"column":0},"end":{"line":42,"column":6}},"42":{"start":{"line":43,"column":0},"end":{"line":43,"column":40}},"43":{"start":{"line":44,"column":0},"end":{"line":44,"column":56}},"44":{"start":{"line":45,"column":0},"end":{"line":45,"column":19}},"45":{"start":{"line":46,"column":0},"end":{"line":46,"column":33}},"46":{"start":{"line":47,"column":0},"end":{"line":47,"column":48}},"47":{"start":{"line":48,"column":0},"end":{"line":48,"column":52}},"48":{"start":{"line":49,"column":0},"end":{"line":49,"column":43}},"49":{"start":{"line":50,"column":0},"end":{"line":50,"column":48}},"50":{"start":{"line":51,"column":0},"end":{"line":51,"column":8}},"51":{"start":{"line":52,"column":0},"end":{"line":52,"column":12}},"52":{"start":{"line":53,"column":0},"end":{"line":53,"column":15}},"53":{"start":{"line":54,"column":0},"end":{"line":54,"column":55}},"54":{"start":{"line":55,"column":0},"end":{"line":55,"column":6}},"55":{"start":{"line":56,"column":0},"end":{"line":56,"column":3}},"56":{"start":{"line":57,"column":0},"end":{"line":57,"column":1}}},"s":{"8":1,"9":73,"11":73,"12":73,"13":73,"21":73,"22":1,"23":1,"24":1,"25":1,"26":1,"27":1,"28":1,"35":73,"36":8,"37":8,"38":8,"39":8,"40":8,"41":8,"42":8,"43":8,"44":8,"45":5,"46":5,"47":5,"48":5,"49":5,"50":8,"51":8,"52":8,"53":8,"54":8,"55":8,"56":73},"branchMap":{"0":{"type":"branch","line":9,"loc":{"start":{"line":9,"column":24},"end":{"line":57,"column":1}},"locations":[{"start":{"line":9,"column":24},"end":{"line":57,"column":1}}]},"1":{"type":"branch","line":12,"loc":{"start":{"line":12,"column":2},"end":{"line":14,"column":3}},"locations":[{"start":{"line":12,"column":2},"end":{"line":14,"column":3}}]},"2":{"type":"branch","line":22,"loc":{"start":{"line":22,"column":2},"end":{"line":29,"column":3}},"locations":[{"start":{"line":22,"column":2},"end":{"line":29,"column":3}}]},"3":{"type":"branch","line":36,"loc":{"start":{"line":36,"column":2},"end":{"line":56,"column":3}},"locations":[{"start":{"line":36,"column":2},"end":{"line":56,"column":3}}]},"4":{"type":"branch","line":37,"loc":{"start":{"line":37,"column":35},"end":{"line":37,"column":48}},"locations":[{"start":{"line":37,"column":35},"end":{"line":37,"column":48}}]},"5":{"type":"branch","line":44,"loc":{"start":{"line":44,"column":12},"end":{"line":44,"column":56}},"locations":[{"start":{"line":44,"column":12},"end":{"line":44,"column":56}}]},"6":{"type":"branch","line":54,"loc":{"start":{"line":54,"column":19},"end":{"line":54,"column":55}},"locations":[{"start":{"line":54,"column":19},"end":{"line":54,"column":55}}]},"7":{"type":"branch","line":45,"loc":{"start":{"line":45,"column":10},"end":{"line":51,"column":6}},"locations":[{"start":{"line":45,"column":10},"end":{"line":51,"column":6}}]},"8":{"type":"branch","line":46,"loc":{"start":{"line":46,"column":13},"end":{"line":46,"column":33}},"locations":[{"start":{"line":46,"column":13},"end":{"line":46,"column":33}}]},"9":{"type":"branch","line":47,"loc":{"start":{"line":47,"column":20},"end":{"line":47,"column":48}},"locations":[{"start":{"line":47,"column":20},"end":{"line":47,"column":48}}]},"10":{"type":"branch","line":48,"loc":{"start":{"line":48,"column":22},"end":{"line":48,"column":52}},"locations":[{"start":{"line":48,"column":22},"end":{"line":48,"column":52}}]},"11":{"type":"branch","line":49,"loc":{"start":{"line":49,"column":18},"end":{"line":49,"column":43}},"locations":[{"start":{"line":49,"column":18},"end":{"line":49,"column":43}}]},"12":{"type":"branch","line":50,"loc":{"start":{"line":50,"column":20},"end":{"line":50,"column":48}},"locations":[{"start":{"line":50,"column":20},"end":{"line":50,"column":48}}]}},"b":{"0":[73],"1":[73],"2":[1],"3":[8],"4":[6],"5":[1],"6":[6],"7":[5],"8":[0],"9":[3],"10":[3],"11":[3],"12":[3]},"fnMap":{"0":{"name":"<instance_members_initializer>","decl":{"start":{"line":9,"column":24},"end":{"line":57,"column":1}},"loc":{"start":{"line":9,"column":24},"end":{"line":57,"column":1}},"line":9},"1":{"name":"DIDCommAPI","decl":{"start":{"line":12,"column":2},"end":{"line":14,"column":3}},"loc":{"start":{"line":12,"column":2},"end":{"line":14,"column":3}},"line":12},"2":{"name":"send","decl":{"start":{"line":22,"column":2},"end":{"line":29,"column":3}},"loc":{"start":{"line":22,"column":2},"end":{"line":29,"column":3}},"line":22},"3":{"name":"inbox","decl":{"start":{"line":36,"column":2},"end":{"line":56,"column":3}},"loc":{"start":{"line":36,"column":2},"end":{"line":56,"column":3}},"line":36}},"f":{"0":73,"1":73,"2":1,"3":8}}
,"/Users/svenloth/dev/atap/sdks/javascript/src/discovery.ts": {"path":"/Users/svenloth/dev/atap/sdks/javascript/src/discovery.ts","all":false,"statementMap":{"12":{"start":{"line":13,"column":0},"end":{"line":13,"column":27}},"13":{"start":{"line":14,"column":0},"end":{"line":14,"column":39}},"15":{"start":{"line":16,"column":0},"end":{"line":16,"column":35}},"16":{"start":{"line":17,"column":0},"end":{"line":17,"column":26}},"17":{"start":{"line":18,"column":0},"end":{"line":18,"column":3}},"20":{"start":{"line":21,"column":0},"end":{"line":21,"column":48}},"21":{"start":{"line":22,"column":0},"end":{"line":22,"column":50}},"22":{"start":{"line":23,"column":0},"end":{"line":23,"column":12}},"23":{"start":{"line":24,"column":0},"end":{"line":24,"column":31}},"24":{"start":{"line":25,"column":0},"end":{"line":25,"column":6}},"25":{"start":{"line":26,"column":0},"end":{"line":26,"column":12}},"26":{"start":{"line":27,"column":0},"end":{"line":27,"column":44}},"27":{"start":{"line":28,"column":0},"end":{"line":28,"column":47}},"28":{"start":{"line":29,"column":0},"end":{"line":29,"column":63}},"29":{"start":{"line":30,"column":0},"end":{"line":30,"column":55}},"30":{"start":{"line":31,"column":0},"end":{"line":31,"column":62}},"31":{"start":{"line":32,"column":0},"end":{"line":32,"column":52}},"32":{"start":{"line":33,"column":0},"end":{"line":33,"column":63}},"33":{"start":{"line":34,"column":0},"end":{"line":34,"column":6}},"34":{"start":{"line":35,"column":0},"end":{"line":35,"column":3}},"42":{"start":{"line":43,"column":0},"end":{"line":43,"column":19}},"43":{"start":{"line":44,"column":0},"end":{"line":44,"column":23}},"44":{"start":{"line":45,"column":0},"end":{"line":45,"column":21}},"45":{"start":{"line":46,"column":0},"end":{"line":46,"column":27}},"46":{"start":{"line":47,"column":0},"end":{"line":47,"column":50}},"47":{"start":{"line":48,"column":0},"end":{"line":48,"column":12}},"48":{"start":{"line":49,"column":0},"end":{"line":49,"column":44}},"49":{"start":{"line":50,"column":0},"end":{"line":50,"column":6}},"50":{"start":{"line":51,"column":0},"end":{"line":51,"column":34}},"51":{"start":{"line":52,"column":0},"end":{"line":52,"column":3}},"54":{"start":{"line":55,"column":0},"end":{"line":55,"column":43}},"55":{"start":{"line":56,"column":0},"end":{"line":56,"column":50}},"56":{"start":{"line":57,"column":0},"end":{"line":57,"column":12}},"57":{"start":{"line":58,"column":0},"end":{"line":58,"column":34}},"58":{"start":{"line":59,"column":0},"end":{"line":59,"column":6}},"59":{"start":{"line":60,"column":0},"end":{"line":60,"column":34}},"60":{"start":{"line":61,"column":0},"end":{"line":61,"column":3}},"63":{"start":{"line":64,"column":0},"end":{"line":64,"column":52}},"64":{"start":{"line":65,"column":0},"end":{"line":65,"column":59}},"65":{"start":{"line":66,"column":0},"end":{"line":66,"column":3}},"66":{"start":{"line":67,"column":0},"end":{"line":67,"column":1}},"68":{"start":{"line":69,"column":0},"end":{"line":69,"column":33}},"69":{"start":{"line":70,"column":0},"end":{"line":70,"column":32}},"70":{"start":{"line":71,"column":0},"end":{"line":71,"column":16}},"71":{"start":{"line":72,"column":0},"end":{"line":72,"column":15}},"72":{"start":{"line":73,"column":0},"end":{"line":73,"column":64}},"73":{"start":{"line":74,"column":0},"end":{"line":74,"column":8}},"74":{"start":{"line":75,"column":0},"end":{"line":75,"column":34}},"75":{"start":{"line":76,"column":0},"end":{"line":76,"column":34}},"76":{"start":{"line":77,"column":0},"end":{"line":77,"column":38}},"77":{"start":{"line":78,"column":0},"end":{"line":78,"column":50}},"78":{"start":{"line":79,"column":0},"end":{"line":79,"column":66}},"79":{"start":{"line":80,"column":0},"end":{"line":80,"column":7}},"80":{"start":{"line":81,"column":0},"end":{"line":81,"column":4}},"81":{"start":{"line":82,"column":0},"end":{"line":82,"column":10}},"82":{"start":{"line":83,"column":0},"end":{"line":83,"column":34}},"83":{"start":{"line":84,"column":0},"end":{"line":84,"column":50}},"84":{"start":{"line":85,"column":0},"end":{"line":85,"column":28}},"85":{"start":{"line":86,"column":0},"end":{"line":86,"column":60}},"86":{"start":{"line":87,"column":0},"end":{"line":87,"column":62}},"87":{"start":{"line":88,"column":0},"end":{"line":88,"column":56}},"88":{"start":{"line":89,"column":0},"end":{"line":89,"column":63}},"89":{"start":{"line":90,"column":0},"end":{"line":90,"column":50}},"90":{"start":{"line":91,"column":0},"end":{"line":91,"column":60}},"91":{"start":{"line":92,"column":0},"end":{"line":92,"column":4}},"92":{"start":{"line":93,"column":0},"end":{"line":93,"column":1}}},"s":{"12":1,"13":73,"15":73,"16":73,"17":73,"20":73,"21":3,"22":3,"23":3,"24":3,"25":3,"26":3,"27":3,"28":3,"29":3,"30":3,"31":3,"32":3,"33":3,"34":3,"42":73,"43":4,"44":4,"45":4,"46":4,"47":4,"48":4,"49":4,"50":4,"51":4,"54":73,"55":1,"56":1,"57":1,"58":1,"59":1,"60":1,"63":73,"64":1,"65":1,"66":73,"68":1,"69":5,"70":5,"71":5,"72":5,"73":5,"74":5,"75":4,"76":4,"77":4,"78":4,"79":4,"80":5,"81":5,"82":5,"83":5,"84":5,"85":5,"86":5,"87":5,"88":5,"89":5,"90":5,"91":5,"92":5},"branchMap":{"0":{"type":"branch","line":13,"loc":{"start":{"line":13,"column":26},"end":{"line":67,"column":1}},"locations":[{"start":{"line":13,"column":26},"end":{"line":67,"column":1}}]},"1":{"type":"branch","line":16,"loc":{"start":{"line":16,"column":2},"end":{"line":18,"column":3}},"locations":[{"start":{"line":16,"column":2},"end":{"line":18,"column":3}}]},"2":{"type":"branch","line":21,"loc":{"start":{"line":21,"column":2},"end":{"line":35,"column":3}},"locations":[{"start":{"line":21,"column":2},"end":{"line":35,"column":3}}]},"3":{"type":"branch","line":27,"loc":{"start":{"line":27,"column":20},"end":{"line":27,"column":44}},"locations":[{"start":{"line":27,"column":20},"end":{"line":27,"column":44}}]},"4":{"type":"branch","line":28,"loc":{"start":{"line":28,"column":21},"end":{"line":28,"column":47}},"locations":[{"start":{"line":28,"column":21},"end":{"line":28,"column":47}}]},"5":{"type":"branch","line":29,"loc":{"start":{"line":29,"column":29},"end":{"line":29,"column":63}},"locations":[{"start":{"line":29,"column":29},"end":{"line":29,"column":63}}]},"6":{"type":"branch","line":30,"loc":{"start":{"line":30,"column":24},"end":{"line":30,"column":55}},"locations":[{"start":{"line":30,"column":24},"end":{"line":30,"column":55}}]},"7":{"type":"branch","line":31,"loc":{"start":{"line":31,"column":28},"end":{"line":31,"column":62}},"locations":[{"start":{"line":31,"column":28},"end":{"line":31,"column":62}}]},"8":{"type":"branch","line":32,"loc":{"start":{"line":32,"column":24},"end":{"line":32,"column":52}},"locations":[{"start":{"line":32,"column":24},"end":{"line":32,"column":52}}]},"9":{"type":"branch","line":43,"loc":{"start":{"line":43,"column":2},"end":{"line":52,"column":3}},"locations":[{"start":{"line":43,"column":2},"end":{"line":52,"column":3}}]},"10":{"type":"branch","line":55,"loc":{"start":{"line":55,"column":2},"end":{"line":61,"column":3}},"locations":[{"start":{"line":55,"column":2},"end":{"line":61,"column":3}}]},"11":{"type":"branch","line":64,"loc":{"start":{"line":64,"column":2},"end":{"line":66,"column":3}},"locations":[{"start":{"line":64,"column":2},"end":{"line":66,"column":3}}]},"12":{"type":"branch","line":69,"loc":{"start":{"line":69,"column":7},"end":{"line":93,"column":1}},"locations":[{"start":{"line":69,"column":7},"end":{"line":93,"column":1}}]},"13":{"type":"branch","line":73,"loc":{"start":{"line":73,"column":10},"end":{"line":73,"column":64}},"locations":[{"start":{"line":73,"column":10},"end":{"line":73,"column":64}}]},"14":{"type":"branch","line":83,"loc":{"start":{"line":83,"column":14},"end":{"line":83,"column":34}},"locations":[{"start":{"line":83,"column":14},"end":{"line":83,"column":34}}]},"15":{"type":"branch","line":84,"loc":{"start":{"line":84,"column":29},"end":{"line":84,"column":50}},"locations":[{"start":{"line":84,"column":29},"end":{"line":84,"column":50}}]},"16":{"type":"branch","line":86,"loc":{"start":{"line":86,"column":26},"end":{"line":86,"column":60}},"locations":[{"start":{"line":86,"column":26},"end":{"line":86,"column":60}}]},"17":{"type":"branch","line":87,"loc":{"start":{"line":87,"column":27},"end":{"line":87,"column":62}},"locations":[{"start":{"line":87,"column":27},"end":{"line":87,"column":62}}]},"18":{"type":"branch","line":88,"loc":{"start":{"line":88,"column":24},"end":{"line":88,"column":56}},"locations":[{"start":{"line":88,"column":24},"end":{"line":88,"column":56}}]},"19":{"type":"branch","line":89,"loc":{"start":{"line":89,"column":19},"end":{"line":89,"column":63}},"locations":[{"start":{"line":89,"column":19},"end":{"line":89,"column":63}}]},"20":{"type":"branch","line":90,"loc":{"start":{"line":90,"column":31},"end":{"line":90,"column":50}},"locations":[{"start":{"line":90,"column":31},"end":{"line":90,"column":50}}]},"21":{"type":"branch","line":91,"loc":{"start":{"line":91,"column":41},"end":{"line":91,"column":60}},"locations":[{"start":{"line":91,"column":41},"end":{"line":91,"column":60}}]},"22":{"type":"branch","line":75,"loc":{"start":{"line":75,"column":4},"end":{"line":80,"column":7}},"locations":[{"start":{"line":75,"column":4},"end":{"line":80,"column":7}}]},"23":{"type":"branch","line":76,"loc":{"start":{"line":76,"column":14},"end":{"line":76,"column":34}},"locations":[{"start":{"line":76,"column":14},"end":{"line":76,"column":34}}]},"24":{"type":"branch","line":77,"loc":{"start":{"line":77,"column":16},"end":{"line":77,"column":38}},"locations":[{"start":{"line":77,"column":16},"end":{"line":77,"column":38}}]},"25":{"type":"branch","line":78,"loc":{"start":{"line":78,"column":22},"end":{"line":78,"column":50}},"locations":[{"start":{"line":78,"column":22},"end":{"line":78,"column":50}}]},"26":{"type":"branch","line":79,"loc":{"start":{"line":79,"column":30},"end":{"line":79,"column":66}},"locations":[{"start":{"line":79,"column":30},"end":{"line":79,"column":66}}]}},"b":{"0":[73],"1":[73],"2":[3],"3":[1],"4":[2],"5":[2],"6":[2],"7":[2],"8":[2],"9":[4],"10":[1],"11":[1],"12":[5],"13":[1],"14":[0],"15":[2],"16":[2],"17":[2],"18":[2],"19":[2],"20":[2],"21":[4],"22":[4],"23":[0],"24":[1],"25":[1],"26":[1]},"fnMap":{"0":{"name":"<instance_members_initializer>","decl":{"start":{"line":13,"column":26},"end":{"line":67,"column":1}},"loc":{"start":{"line":13,"column":26},"end":{"line":67,"column":1}},"line":13},"1":{"name":"DiscoveryAPI","decl":{"start":{"line":16,"column":2},"end":{"line":18,"column":3}},"loc":{"start":{"line":16,"column":2},"end":{"line":18,"column":3}},"line":16},"2":{"name":"discover","decl":{"start":{"line":21,"column":2},"end":{"line":35,"column":3}},"loc":{"start":{"line":21,"column":2},"end":{"line":35,"column":3}},"line":21},"3":{"name":"resolveDid","decl":{"start":{"line":43,"column":2},"end":{"line":52,"column":3}},"loc":{"start":{"line":43,"column":2},"end":{"line":52,"column":3}},"line":43},"4":{"name":"serverDid","decl":{"start":{"line":55,"column":2},"end":{"line":61,"column":3}},"loc":{"start":{"line":55,"column":2},"end":{"line":61,"column":3}},"line":55},"5":{"name":"health","decl":{"start":{"line":64,"column":2},"end":{"line":66,"column":3}},"loc":{"start":{"line":64,"column":2},"end":{"line":66,"column":3}},"line":64},"6":{"name":"parseDIDDocument","decl":{"start":{"line":69,"column":7},"end":{"line":93,"column":1}},"loc":{"start":{"line":69,"column":7},"end":{"line":93,"column":1}},"line":69}},"f":{"0":73,"1":73,"2":3,"3":4,"4":1,"5":1,"6":5}}
,"/Users/svenloth/dev/atap/sdks/javascript/src/entities.ts": {"path":"/Users/svenloth/dev/atap/sdks/javascript/src/entities.ts","all":false,"statementMap":{"8":{"start":{"line":9,"column":0},"end":{"line":9,"column":24}},"9":{"start":{"line":10,"column":0},"end":{"line":10,"column":39}},"11":{"start":{"line":12,"column":0},"end":{"line":12,"column":35}},"12":{"start":{"line":13,"column":0},"end":{"line":13,"column":26}},"13":{"start":{"line":14,"column":0},"end":{"line":14,"column":3}},"24":{"start":{"line":25,"column":0},"end":{"line":25,"column":17}},"25":{"start":{"line":26,"column":0},"end":{"line":26,"column":23}},"26":{"start":{"line":27,"column":0},"end":{"line":27,"column":14}},"30":{"start":{"line":31,"column":0},"end":{"line":31,"column":11}},"31":{"start":{"line":32,"column":0},"end":{"line":32,"column":22}},"32":{"start":{"line":33,"column":0},"end":{"line":33,"column":62}},"33":{"start":{"line":34,"column":0},"end":{"line":34,"column":47}},"34":{"start":{"line":35,"column":0},"end":{"line":35,"column":63}},"35":{"start":{"line":36,"column":0},"end":{"line":36,"column":72}},"37":{"start":{"line":38,"column":0},"end":{"line":38,"column":75}},"38":{"start":{"line":39,"column":0},"end":{"line":39,"column":21}},"39":{"start":{"line":40,"column":0},"end":{"line":40,"column":7}},"40":{"start":{"line":41,"column":0},"end":{"line":41,"column":29}},"41":{"start":{"line":42,"column":0},"end":{"line":42,"column":3}},"44":{"start":{"line":45,"column":0},"end":{"line":45,"column":48}},"45":{"start":{"line":46,"column":0},"end":{"line":46,"column":50}},"46":{"start":{"line":47,"column":0},"end":{"line":47,"column":12}},"47":{"start":{"line":48,"column":0},"end":{"line":48,"column":33}},"48":{"start":{"line":49,"column":0},"end":{"line":49,"column":6}},"49":{"start":{"line":50,"column":0},"end":{"line":50,"column":29}},"50":{"start":{"line":51,"column":0},"end":{"line":51,"column":3}},"53":{"start":{"line":54,"column":0},"end":{"line":54,"column":49}},"54":{"start":{"line":55,"column":0},"end":{"line":55,"column":76}},"55":{"start":{"line":56,"column":0},"end":{"line":56,"column":3}},"64":{"start":{"line":65,"column":0},"end":{"line":65,"column":77}},"65":{"start":{"line":66,"column":0},"end":{"line":66,"column":51}},"66":{"start":{"line":67,"column":0},"end":{"line":67,"column":13}},"67":{"start":{"line":68,"column":0},"end":{"line":68,"column":45}},"68":{"start":{"line":69,"column":0},"end":{"line":69,"column":46}},"69":{"start":{"line":70,"column":0},"end":{"line":70,"column":6}},"70":{"start":{"line":71,"column":0},"end":{"line":71,"column":12}},"71":{"start":{"line":72,"column":0},"end":{"line":72,"column":36}},"72":{"start":{"line":73,"column":0},"end":{"line":73,"column":49}},"73":{"start":{"line":74,"column":0},"end":{"line":74,"column":48}},"74":{"start":{"line":75,"column":0},"end":{"line":75,"column":51}},"75":{"start":{"line":76,"column":0},"end":{"line":76,"column":57}},"76":{"start":{"line":77,"column":0},"end":{"line":77,"column":51}},"77":{"start":{"line":78,"column":0},"end":{"line":78,"column":6}},"78":{"start":{"line":79,"column":0},"end":{"line":79,"column":3}},"79":{"start":{"line":80,"column":0},"end":{"line":80,"column":1}},"81":{"start":{"line":82,"column":0},"end":{"line":82,"column":68}},"82":{"start":{"line":83,"column":0},"end":{"line":83,"column":10}},"83":{"start":{"line":84,"column":0},"end":{"line":84,"column":34}},"84":{"start":{"line":85,"column":0},"end":{"line":85,"column":38}},"85":{"start":{"line":86,"column":0},"end":{"line":86,"column":36}},"86":{"start":{"line":87,"column":0},"end":{"line":87,"column":55}},"87":{"start":{"line":88,"column":0},"end":{"line":88,"column":38}},"88":{"start":{"line":89,"column":0},"end":{"line":89,"column":41}},"89":{"start":{"line":90,"column":0},"end":{"line":90,"column":49}},"90":{"start":{"line":91,"column":0},"end":{"line":91,"column":50}},"91":{"start":{"line":92,"column":0},"end":{"line":92,"column":46}},"92":{"start":{"line":93,"column":0},"end":{"line":93,"column":49}},"93":{"start":{"line":94,"column":0},"end":{"line":94,"column":49}},"94":{"start":{"line":95,"column":0},"end":{"line":95,"column":59}},"95":{"start":{"line":96,"column":0},"end":{"line":96,"column":55}},"96":{"start":{"line":97,"column":0},"end":{"line":97,"column":4}},"97":{"start":{"line":98,"column":0},"end":{"line":98,"column":1}}},"s":{"8":1,"9":73,"11":73,"12":73,"13":73,"24":73,"25":4,"26":4,"30":4,"31":4,"32":4,"33":4,"34":4,"35":4,"37":4,"38":4,"39":4,"40":4,"41":4,"44":73,"45":8,"46":8,"47":8,"48":8,"49":2,"50":8,"53":73,"54":1,"55":1,"64":73,"65":3,"66":3,"67":3,"68":3,"69":3,"70":3,"71":3,"72":3,"73":3,"74":3,"75":3,"76":3,"77":3,"78":3,"79":73,"81":1,"82":6,"83":6,"84":6,"85":6,"86":6,"87":6,"88":6,"89":6,"90":6,"91":6,"92":6,"93":6,"94":6,"95":6,"96":6,"97":6},"branchMap":{"0":{"type":"branch","line":9,"loc":{"start":{"line":9,"column":23},"end":{"line":80,"column":1}},"locations":[{"start":{"line":9,"column":23},"end":{"line":80,"column":1}}]},"1":{"type":"branch","line":12,"loc":{"start":{"line":12,"column":2},"end":{"line":14,"column":3}},"locations":[{"start":{"line":12,"column":2},"end":{"line":14,"column":3}}]},"2":{"type":"branch","line":25,"loc":{"start":{"line":25,"column":2},"end":{"line":42,"column":3}},"locations":[{"start":{"line":25,"column":2},"end":{"line":42,"column":3}}]},"3":{"type":"branch","line":34,"loc":{"start":{"line":34,"column":22},"end":{"line":34,"column":47}},"locations":[{"start":{"line":34,"column":22},"end":{"line":34,"column":47}}]},"4":{"type":"branch","line":35,"loc":{"start":{"line":35,"column":27},"end":{"line":35,"column":63}},"locations":[{"start":{"line":35,"column":27},"end":{"line":35,"column":63}}]},"5":{"type":"branch","line":36,"loc":{"start":{"line":36,"column":30},"end":{"line":36,"column":72}},"locations":[{"start":{"line":36,"column":30},"end":{"line":36,"column":72}}]},"6":{"type":"branch","line":45,"loc":{"start":{"line":45,"column":2},"end":{"line":51,"column":3}},"locations":[{"start":{"line":45,"column":2},"end":{"line":51,"column":3}}]},"7":{"type":"branch","line":49,"loc":{"start":{"line":49,"column":4},"end":{"line":50,"column":29}},"locations":[{"start":{"line":49,"column":4},"end":{"line":50,"column":29}}]},"8":{"type":"branch","line":54,"loc":{"start":{"line":54,"column":2},"end":{"line":56,"column":3}},"locations":[{"start":{"line":54,"column":2},"end":{"line":56,"column":3}}]},"9":{"type":"branch","line":65,"loc":{"start":{"line":65,"column":2},"end":{"line":79,"column":3}},"locations":[{"start":{"line":65,"column":2},"end":{"line":79,"column":3}}]},"10":{"type":"branch","line":72,"loc":{"start":{"line":72,"column":16},"end":{"line":72,"column":36}},"locations":[{"start":{"line":72,"column":16},"end":{"line":72,"column":36}}]},"11":{"type":"branch","line":73,"loc":{"start":{"line":73,"column":22},"end":{"line":73,"column":49}},"locations":[{"start":{"line":73,"column":22},"end":{"line":73,"column":49}}]},"12":{"type":"branch","line":74,"loc":{"start":{"line":74,"column":22},"end":{"line":74,"column":48}},"locations":[{"start":{"line":74,"column":22},"end":{"line":74,"column":48}}]},"13":{"type":"branch","line":75,"loc":{"start":{"line":75,"column":23},"end":{"line":75,"column":51}},"locations":[{"start":{"line":75,"column":23},"end":{"line":75,"column":51}}]},"14":{"type":"branch","line":77,"loc":{"start":{"line":77,"column":23},"end":{"line":77,"column":51}},"locations":[{"start":{"line":77,"column":23},"end":{"line":77,"column":51}}]},"15":{"type":"branch","line":82,"loc":{"start":{"line":82,"column":7},"end":{"line":98,"column":1}},"locations":[{"start":{"line":82,"column":7},"end":{"line":98,"column":1}}]},"16":{"type":"branch","line":84,"loc":{"start":{"line":84,"column":14},"end":{"line":84,"column":34}},"locations":[{"start":{"line":84,"column":14},"end":{"line":84,"column":34}}]},"17":{"type":"branch","line":85,"loc":{"start":{"line":85,"column":16},"end":{"line":85,"column":38}},"locations":[{"start":{"line":85,"column":16},"end":{"line":85,"column":38}}]},"18":{"type":"branch","line":86,"loc":{"start":{"line":86,"column":15},"end":{"line":86,"column":36}},"locations":[{"start":{"line":86,"column":15},"end":{"line":86,"column":36}}]},"19":{"type":"branch","line":88,"loc":{"start":{"line":88,"column":16},"end":{"line":88,"column":38}},"locations":[{"start":{"line":88,"column":16},"end":{"line":88,"column":38}}]},"20":{"type":"branch","line":89,"loc":{"start":{"line":89,"column":17},"end":{"line":89,"column":41}},"locations":[{"start":{"line":89,"column":17},"end":{"line":89,"column":41}}]},"21":{"type":"branch","line":90,"loc":{"start":{"line":90,"column":21},"end":{"line":90,"column":49}},"locations":[{"start":{"line":90,"column":21},"end":{"line":90,"column":49}}]},"22":{"type":"branch","line":91,"loc":{"start":{"line":91,"column":22},"end":{"line":91,"column":50}},"locations":[{"start":{"line":91,"column":22},"end":{"line":91,"column":50}}]},"23":{"type":"branch","line":92,"loc":{"start":{"line":92,"column":20},"end":{"line":92,"column":46}},"locations":[{"start":{"line":92,"column":20},"end":{"line":92,"column":46}}]},"24":{"type":"branch","line":93,"loc":{"start":{"line":93,"column":21},"end":{"line":93,"column":49}},"locations":[{"start":{"line":93,"column":21},"end":{"line":93,"column":49}}]},"25":{"type":"branch","line":94,"loc":{"start":{"line":94,"column":21},"end":{"line":94,"column":49}},"locations":[{"start":{"line":94,"column":21},"end":{"line":94,"column":49}}]}},"b":{"0":[73],"1":[73],"2":[4],"3":[1],"4":[1],"5":[1],"6":[8],"7":[2],"8":[1],"9":[3],"10":[0],"11":[2],"12":[2],"13":[2],"14":[2],"15":[6],"16":[0],"17":[0],"18":[2],"19":[2],"20":[2],"21":[2],"22":[2],"23":[2],"24":[2],"25":[2]},"fnMap":{"0":{"name":"<instance_members_initializer>","decl":{"start":{"line":9,"column":23},"end":{"line":80,"column":1}},"loc":{"start":{"line":9,"column":23},"end":{"line":80,"column":1}},"line":9},"1":{"name":"EntityAPI","decl":{"start":{"line":12,"column":2},"end":{"line":14,"column":3}},"loc":{"start":{"line":12,"column":2},"end":{"line":14,"column":3}},"line":12},"2":{"name":"register","decl":{"start":{"line":25,"column":2},"end":{"line":42,"column":3}},"loc":{"start":{"line":25,"column":2},"end":{"line":42,"column":3}},"line":25},"3":{"name":"get","decl":{"start":{"line":45,"column":2},"end":{"line":51,"column":3}},"loc":{"start":{"line":45,"column":2},"end":{"line":51,"column":3}},"line":45},"4":{"name":"delete","decl":{"start":{"line":54,"column":2},"end":{"line":56,"column":3}},"loc":{"start":{"line":54,"column":2},"end":{"line":56,"column":3}},"line":54},"5":{"name":"rotateKey","decl":{"start":{"line":65,"column":2},"end":{"line":79,"column":3}},"loc":{"start":{"line":65,"column":2},"end":{"line":79,"column":3}},"line":65},"6":{"name":"parseEntity","decl":{"start":{"line":82,"column":7},"end":{"line":98,"column":1}},"loc":{"start":{"line":82,"column":7},"end":{"line":98,"column":1}},"line":82}},"f":{"0":73,"1":73,"2":4,"3":8,"4":1,"5":3,"6":6}}
[...]
,"column":44}},"158":{"start":{"line":159,"column":0},"end":{"line":159,"column":28}},"159":{"start":{"line":160,"column":0},"end":{"line":160,"column":27}},"160":{"start":{"line":161,"column":0},"end":{"line":161,"column":32}},"161":{"start":{"line":162,"column":0},"end":{"line":162,"column":36}},"162":{"start":{"line":163,"column":0},"end":{"line":163,"column":32}},"163":{"start":{"line":164,"column":0},"end":{"line":164,"column":36}},"164":{"start":{"line":165,"column":0},"end":{"line":165,"column":6}},"166":{"start":{"line":167,"column":0},"end":{"line":167,"column":58}},"167":{"start":{"line":168,"column":0},"end":{"line":168,"column":28}},"168":{"start":{"line":169,"column":0},"end":{"line":169,"column":13}},"169":{"start":{"line":170,"column":0},"end":{"line":170,"column":16}},"170":{"start":{"line":171,"column":0},"end":{"line":171,"column":6}},"173":{"start":{"line":174,"column":0},"end":{"line":174,"column":45}},"174":{"start":{"line":175,"column":0},"end":{"line":175,"column":49}},"175":{"start":{"line":176,"column":0},"end":{"line":176,"column":16}},"176":{"start":{"line":177,"column":0},"end":{"line":177,"column":22}},"177":{"start":{"line":178,"column":0},"end":{"line":178,"column":65}},"178":{"start":{"line":179,"column":0},"end":{"line":179,"column":8}},"179":{"start":{"line":180,"column":0},"end":{"line":180,"column":5}},"182":{"start":{"line":183,"column":0},"end":{"line":183,"column":43}},"183":{"start":{"line":184,"column":0},"end":{"line":184,"column":23}},"184":{"start":{"line":185,"column":0},"end":{"line":185,"column":13}},"185":{"start":{"line":186,"column":0},"end":{"line":186,"column":21}},"186":{"start":{"line":187,"column":0},"end":{"line":187,"column":6}},"188":{"start":{"line":189,"column":0},"end":{"line":189,"column":46}},"189":{"start":{"line":190,"column":0},"end":{"line":190,"column":39}},"190":{"start":{"line":191,"column":0},"end":{"line":191,"column":11}},"191":{"start":{"line":192,"column":0},"end":{"line":192,"column":32}},"192":{"start":{"line":193,"column":0},"end":{"line":193,"column":30}},"193":{"start":{"line":194,"column":0},"end":{"line":194,"column":6}},"195":{"start":{"line":196,"column":0},"end":{"line":196,"column":43}},"196":{"start":{"line":197,"column":0},"end":{"line":197,"column":24}},"197":{"start":{"line":198,"column":0},"end":{"line":198,"column":15}},"198":{"start":{"line":199,"column":0},"end":{"line":199,"column":17}},"199":{"start":{"line":200,"column":0},"end":{"line":200,"column":6}},"201":{"start":{"line":202,"column":0},"end":{"line":202,"column":19}},"202":{"start":{"line":203,"column":0},"end":{"line":203,"column":47}},"203":{"start":{"line":204,"column":0},"end":{"line":204,"column":55}},"204":{"start":{"line":205,"column":0},"end":{"line":205,"column":53}},"205":{"start":{"line":206,"column":0},"end":{"line":206,"column":42}},"206":{"start":{"line":207,"column":0},"end":{"line":207,"column":61}},"207":{"start":{"line":208,"column":0},"end":{"line":208,"column":6}},"208":{"start":{"line":209,"column":0},"end":{"line":209,"column":39}},"209":{"start":{"line":210,"column":0},"end":{"line":210,"column":23}},"210":{"start":{"line":211,"column":0},"end":{"line":211,"column":3}},"213":{"start":{"line":214,"column":0},"end":{"line":214,"column":22}},"214":{"start":{"line":215,"column":0},"end":{"line":215,"column":23}},"215":{"start":{"line":216,"column":0},"end":{"line":216,"column":30}},"216":{"start":{"line":217,"column":0},"end":{"line":217,"column":3}},"217":{"start":{"line":218,"column":0},"end":{"line":218,"column":1}}},"s":{"4":1,"14":1,"15":52,"16":52,"17":52,"18":52,"19":52,"20":52,"21":52,"22":52,"24":52,"31":52,"32":52,"33":52,"34":52,"35":52,"36":52,"37":51,"38":51,"39":51,"40":51,"41":51,"42":52,"43":52,"44":52,"46":52,"47":48,"48":48,"51":52,"52":49,"53":1,"54":1,"55":49,"56":1,"57":1,"58":1,"59":47,"60":46,"61":49,"63":52,"64":2,"65":2,"67":2,"68":2,"71":52,"72":47,"73":1,"74":1,"76":1,"77":1,"79":46,"80":46,"81":46,"82":46,"83":46,"85":46,"86":46,"87":46,"88":46,"89":46,"90":46,"92":46,"93":46,"94":46,"95":46,"96":46,"98":46,"99":46,"100":47,"101":47,"102":47,"103":47,"104":47,"105":47,"106":47,"107":47,"110":52,"111":1,"112":0,"113":0,"115":1,"116":1,"117":1,"118":1,"119":1,"121":1,"122":1,"123":1,"124":1,"126":1,"127":1,"128":1,"129":1,"130":1,"132":1,"133":1,"134":1,"135":1,"136":1,"137":1,"138":1,"139":1,"140":1,"141":1,"142":1,"145":52,"146":2,"147":2,"148":2,"149":2,"151":2,"152":2,"153":2,"154":2,"155":2,"157":2,"158":2,"159":2,"160":2,"161":2,"162":2,"163":2,"164":2,"166":2,"167":2,"168":2,"169":2,"170":2,"173":2,"174":2,"175":2,"176":1,"177":1,"178":1,"179":1,"182":1,"183":1,"184":1,"185":1,"186":1,"188":1,"189":1,"190":1,"191":1,"192":1,"193":1,"195":1,"196":1,"197":1,"198":1,"199":1,"201":1,"202":1,"203":2,"204":2,"205":2,"206":2,"207":2,"208":2,"209":2,"210":2,"213":52,"214":1,"215":1,"216":1,"217":52},"branchMap":{"0":{"type":"branch","line":15,"loc":{"start":{"line":15,"column":26},"end":{"line":218,"column":1}},"locations":[{"start":{"line":15,"column":26},"end":{"line":218,"column":1}}]},"1":{"type":"branch","line":25,"loc":{"start":{"line":25,"column":2},"end":{"line":45,"column":3}},"locations":[{"start":{"line":25,"column":2},"end":{"line":45,"column":3}}]},"2":{"type":"branch","line":37,"loc":{"start":{"line":37,"column":27},"end":{"line":42,"column":6}},"locations":[{"start":{"line":37,"column":27},"end":{"line":42,"column":6}}]},"3":{"type":"branch","line":44,"loc":{"start":{"line":44,"column":14},"end":{"line":44,"column":59}},"locations":[{"start":{"line":44,"column":14},"end":{"line":44,"column":59}}]},"4":{"type":"branch","line":47,"loc":{"start":{"line":47,"column":2},"end":{"line":49,"column":3}},"locations":[{"start":{"line":47,"column":2},"end":{"line":49,"column":3}}]},"5":{"type":"branch","line":52,"loc":{"start":{"line":52,"column":2},"end":{"line":62,"column":3}},"locations":[{"start":{"line":52,"column":2},"end":{"line":62,"column":3}}]},"6":{"type":"branch","line":53,"loc":{"start":{"line":53,"column":13},"end":{"line":53,"column":43}},"locations":[{"start":{"line":53,"column":13},"end":{"line":53,"column":43}}]},"7":{"type":"branch","line":53,"loc":{"start":{"line":53,"column":43},"end":{"line":55,"column":5}},"locations":[{"start":{"line":53,"column":43},"end":{"line":55,"column":5}}]},"8":{"type":"branch","line":55,"loc":{"start":{"line":55,"column":4},"end":{"line":56,"column":21}},"locations":[{"start":{"line":55,"column":4},"end":{"line":56,"column":21}}]},"9":{"type":"branch","line":56,"loc":{"start":{"line":56,"column":13},"end":{"line":56,"column":35}},"locations":[{"start":{"line":56,"column":13},"end":{"line":56,"column":35}}]},"10":{"type":"branch","line":56,"loc":{"start":{"line":56,"column":35},"end":{"line":59,"column":5}},"locations":[{"start":{"line":56,"column":35},"end":{"line":59,"column":5}}]},"11":{"type":"branch","line":59,"loc":{"start":{"line":59,"column":4},"end":{"line":60,"column":42}},"locations":[{"start":{"line":59,"column":4},"end":{"line":60,"column":42}}]},"12":{"type":"branch","line":60,"loc":{"start":{"line":60,"column":40},"end":{"line":61,"column":32}},"locations":[{"start":{"line":60,"column":40},"end":{"line":61,"column":32}}]},"13":{"type":"branch","line":64,"loc":{"start":{"line":64,"column":10},"end":{"line":69,"column":3}},"locations":[{"start":{"line":64,"column":10},"end":{"line":69,"column":3}}]},"14":{"type":"branch","line":65,"loc":{"start":{"line":65,"column":22},"end":{"line":65,"column":34}},"locations":[{"start":{"line":65,"column":22},"end":{"line":65,"column":34}}]},"15":{"type":"branch","line":72,"loc":{"start":{"line":72,"column":2},"end":{"line":108,"column":3}},"locations":[{"start":{"line":72,"column":2},"end":{"line":108,"column":3}}]},"16":{"type":"branch","line":73,"loc":{"start":{"line":73,"column":29},"end":{"line":78,"column":5}},"locations":[{"start":{"line":73,"column":29},"end":{"line":78,"column":5}}]},"17":{"type":"branch","line":78,"loc":{"start":{"line":78,"column":4},"end":{"line":101,"column":48}},"locations":[{"start":{"line":78,"column":4},"end":{"line":101,"column":48}}]},"18":{"type":"branch","line":101,"loc":{"start":{"line":101,"column":23},"end":{"line":101,"column":55}},"locations":[{"start":{"line":101,"column":23},"end":{"line":101,"column":55}}]},"19":{"type":"branch","line":102,"loc":{"start":{"line":102,"column":23},"end":{"line":102,"column":53}},"locations":[{"start":{"line":102,"column":23},"end":{"line":102,"column":53}}]},"20":{"type":"branch","line":103,"loc":{"start":{"line":103,"column":19},"end":{"line":103,"column":42}},"locations":[{"start":{"line":103,"column":19},"end":{"line":103,"column":42}}]},"21":{"type":"branch","line":111,"loc":{"start":{"line":111,"column":2},"end":{"line":143,"column":3}},"locations":[{"start":{"line":111,"column":2},"end":{"line":143,"column":3}}]},"22":{"type":"branch","line":112,"loc":{"start":{"line":112,"column":36},"end":{"line":114,"column":5}},"locations":[{"start":{"line":112,"column":36},"end":{"line":114,"column":5}}]},"23":{"type":"branch","line":135,"loc":{"start":{"line":135,"column":23},"end":{"line":135,"column":55}},"locations":[{"start":{"line":135,"column":23},"end":{"line":135,"column":55}}]},"24":{"type":"branch","line":136,"loc":{"start":{"line":136,"column":23},"end":{"line":136,"column":53}},"locations":[{"start":{"line":136,"column":23},"end":{"line":136,"column":53}}]},"25":{"type":"branch","line":137,"loc":{"start":{"line":137,"column":19},"end":{"line":137,"column":42}},"locations":[{"start":{"line":137,"column":19},"end":{"line":137,"column":42}}]},"26":{"type":"branch","line":139,"loc":{"start":{"line":139,"column":14},"end":{"line":139,"column":67}},"locations":[{"start":{"line":139,"column":14},"end":{"line":139,"column":67}}]},"27":{"type":"branch","line":146,"loc":{"start":{"line":146,"column":2},"end":{"line":211,"column":3}},"locations":[{"start":{"line":146,"column":2},"end":{"line":211,"column":3}}]},"28":{"type":"branch","line":176,"loc":{"start":{"line":176,"column":15},"end":{"line":204,"column":48}},"locations":[{"start":{"line":176,"column":15},"end":{"line":204,"column":48}}]},"29":{"type":"branch","line":204,"loc":{"start":{"line":204,"column":23},"end":{"line":204,"column":55}},"locations":[{"start":{"line":204,"column":23},"end":{"line":204,"column":55}}]},"30":{"type":"branch","line":205,"loc":{"start":{"line":205,"column":23},"end":{"line":205,"column":53}},"locations":[{"start":{"line":205,"column":23},"end":{"line":205,"column":53}}]},"31":{"type":"branch","line":206,"loc":{"start":{"line":206,"column":19},"end":{"line":206,"column":42}},"locations":[{"start":{"line":206,"column":19},"end":{"line":206,"column":42}}]},"32":{"type":"branch","line":214,"loc":{"start":{"line":214,"column":2},"end":{"line":217,"column":3}},"locations":[{"start":{"line":214,"column":2},"end":{"line":217,"column":3}}]}},"b":{"0":[52],"1":[52],"2":[51],"3":[0],"4":[48],"5":[49],"6":[2],"7":[1],"8":[48],"9":[1],"10":[1],"11":[47],"12":[46],"13":[2],"14":[0],"15":[47],"16":[1],"17":[46],"18":[0],"19":[0],"20":[0],"21":[1],"22":[0],"23":[0],"24":[0],"25":[0],"26":[0],"27":[2],"28":[1],"29":[0],"30":[0],"31":[0],"32":[1]},"fnMap":{"0":{"name":"<instance_members_initializer>","decl":{"start":{"line":15,"column":26},"end":{"line":218,"column":1}},"loc":{"start":{"line":15,"column":26},"end":{"line":218,"column":1}},"line":15},"1":{"name":"TokenManager","decl":{"start":{"line":25,"column":2},"end":{"line":45,"column":3}},"loc":{"start":{"line":25,"column":2},"end":{"line":45,"column":3}},"line":25},"2":{"name":"get _tokenUrl","decl":{"start":{"line":47,"column":2},"end":{"line":49,"column":3}},"loc":{"start":{"line":47,"column":2},"end":{"line":49,"column":3}},"line":47},"3":{"name":"getAccessToken","decl":{"start":{"line":52,"column":2},"end":{"line":62,"column":3}},"loc":{"start":{"line":52,"column":2},"end":{"line":62,"column":3}},"line":52},"4":{"name":"_isExpired","decl":{"start":{"line":64,"column":10},"end":{"line":69,"column":3}},"loc":{"start":{"line":64,"column":10},"end":{"line":69,"column":3}},"line":64},"5":{"name":"_obtain","decl":{"start":{"line":72,"column":2},"end":{"line":108,"column":3}},"loc":{"start":{"line":72,"column":2},"end":{"line":108,"column":3}},"line":72},"6":{"name":"_refresh","decl":{"start":{"line":111,"column":2},"end":{"line":143,"column":3}},"loc":{"start":{"line":111,"column":2},"end":{"line":143,"column":3}},"line":111},"7":{"name":"obtainAuthorizationCode","decl":{"start":{"line":146,"column":2},"end":{"line":211,"column":3}},"loc":{"start":{"line":146,"column":2},"end":{"line":211,"column":3}},"line":146},"8":{"name":"invalidate","decl":{"start":{"line":214,"column":2},"end":{"line":217,"column":3}},"loc":{"start":{"line":214,"column":2},"end":{"line":217,"column":3}},"line":214}},"f":{"0":52,"1":52,"2":48,"3":49,"4":2,"5":47,"6":1,"7":2,"8":1}}
,"/Users/svenloth/dev/atap/sdks/javascript/src/revocations.ts": {"path":"/Users/svenloth/dev/atap/sdks/javascript/src/revocations.ts","all":false,"statementMap":{"8":{"start":{"line":9,"column":0},"end":{"line":9,"column":28}},"9":{"start":{"line":10,"column":0},"end":{"line":10,"column":39}},"11":{"start":{"line":12,"column":0},"end":{"line":12,"column":35}},"12":{"start":{"line":13,"column":0},"end":{"line":13,"column":26}},"13":{"start":{"line":14,"column":0},"end":{"line":14,"column":3}},"22":{"start":{"line":23,"column":0},"end":{"line":23,"column":15}},"23":{"start":{"line":24,"column":0},"end":{"line":24,"column":23}},"24":{"start":{"line":25,"column":0},"end":{"line":25,"column":22}},"25":{"start":{"line":26,"column":0},"end":{"line":26,"column":42}},"26":{"start":{"line":27,"column":0},"end":{"line":27,"column":26}},"27":{"start":{"line":28,"column":0},"end":{"line":28,"column":43}},"28":{"start":{"line":29,"column":0},"end":{"line":29,"column":30}},"29":{"start":{"line":30,"column":0},"end":{"line":30,"column":16}},"30":{"start":{"line":31,"column":0},"end":{"line":31,"column":6}},"31":{"start":{"line":32,"column":0},"end":{"line":32,"column":66}},"33":{"start":{"line":34,"column":0},"end":{"line":34,"column":51}},"34":{"start":{"line":35,"column":0},"end":{"line":35,"column":13}},"35":{"start":{"line":36,"column":0},"end":{"line":36,"column":24}},"36":{"start":{"line":37,"column":0},"end":{"line":37,"column":25}},"37":{"start":{"line":38,"column":0},"end":{"line":38,"column":6}},"38":{"start":{"line":39,"column":0},"end":{"line":39,"column":33}},"39":{"start":{"line":40,"column":0},"end":{"line":40,"column":3}},"46":{"start":{"line":47,"column":0},"end":{"line":47,"column":58}},"47":{"start":{"line":48,"column":0},"end":{"line":48,"column":77}},"48":{"start":{"line":49,"column":0},"end":{"line":49,"column":36}},"49":{"start":{"line":50,"column":0},"end":{"line":50,"column":7}},"50":{"start":{"line":51,"column":0},"end":{"line":51,"column":25}},"51":{"start":{"line":52,"column":0},"end":{"line":52,"column":59}},"52":{"start":{"line":53,"column":0},"end":{"line":53,"column":27}},"53":{"start":{"line":54,"column":0},"end":{"line":54,"column":12}},"54":{"start":{"line":55,"column":0},"end":{"line":55,"column":51}},"55":{"start":{"line":56,"column":0},"end":{"line":56,"column":18}},"56":{"start":{"line":57,"column":0},"end":{"line":57,"column":51}},"57":{"start":{"line":58,"column":0},"end":{"line":58,"column":6}},"58":{"start":{"line":59,"column":0},"end":{"line":59,"column":3}},"59":{"start":{"line":60,"column":0},"end":{"line":60,"column":1}},"61":{"start":{"line":62,"column":0},"end":{"line":62,"column":76}},"62":{"start":{"line":63,"column":0},"end":{"line":63,"column":10}},"63":{"start":{"line":64,"column":0},"end":{"line":64,"column":34}},"64":{"start":{"line":65,"column":0},"end":{"line":65,"column":51}},"65":{"start":{"line":66,"column":0},"end":{"line":66,"column":53}},"66":{"start":{"line":67,"column":0},"end":{"line":67,"column":49}},"67":{"start":{"line":68,"column":0},"end":{"line":68,"column":49}},"68":{"start":{"line":69,"column":0},"end":{"line":69,"column":4}},"69":{"start":{"line":70,"column":0},"end":{"line":70,"column":1}}},"s":{"8":1,"9":73,"11":73,"12":73,"13":73,"22":73,"23":3,"24":3,"25":3,"26":3,"27":3,"28":3,"29":3,"30":3,"31":3,"33":3,"34":3,"35":3,"36":3,"37":3,"38":3,"39":3,"46":73,"47":3,"48":3,"49":3,"50":3,"51":3,"52":3,"53":3,"54":3,"55":3,"56":3,"57":3,"58":3,"59":73,"61":1,"62":4,"63":4,"64":4,"65":4,"66":4,"67":4,"68":4,"69":4},"branchMap":{"0":{"type":"branch","line":9,"loc":{"start":{"line":9,"column":27},"end":{"line":60,"column":1}},"locations":[{"start":{"line":9,"column":27},"end":{"line":60,"column":1}}]},"1":{"type":"branch","line":12,"loc":{"start":{"line":12,"column":2},"end":{"line":14,"column":3}},"locations":[{"start":{"line":12,"column":2},"end":{"line":14,"column":3}}]},"2":{"type":"branch","line":23,"loc":{"start":{"line":23,"column":2},"end":{"line":40,"column":3}},"locations":[{"start":{"line":23,"column":2},"end":{"line":40,"column":3}}]},"3":{"type":"branch","line":32,"loc":{"start":{"line":32,"column":28},"end":{"line":32,"column":66}},"locations":[{"start":{"line":32,"column":28},"end":{"line":32,"column":66}}]},"4":{"type":"branch","line":47,"loc":{"start":{"line":47,"column":2},"end":{"line":59,"column":3}},"locations":[{"start":{"line":47,"column":2},"end":{"line":59,"column":3}}]},"5":{"type":"branch","line":52,"loc":{"start":{"line":52,"column":12},"end":{"line":52,"column":59}},"locations":[{"start":{"line":52,"column":12},"end":{"line":52,"column":59}}]},"6":{"type":"branch","line":55,"loc":{"start":{"line":55,"column":20},"end":{"line":55,"column":51}},"locations":[{"start":{"line":55,"column":20},"end":{"line":55,"column":51}}]},"7":{"type":"branch","line":57,"loc":{"start":{"line":57,"column":23},"end":{"line":57,"column":51}},"locations":[{"start":{"line":57,"column":23},"end":{"line":57,"column":51}}]},"8":{"type":"branch","line":62,"loc":{"start":{"line":62,"column":7},"end":{"line":70,"column":1}},"locations":[{"start":{"line":62,"column":7},"end":{"line":70,"column":1}}]},"9":{"type":"branch","line":64,"loc":{"start":{"line":64,"column":14},"end":{"line":64,"column":34}},"locations":[{"start":{"line":64,"column":14},"end":{"line":64,"column":34}}]},"10":{"type":"branch","line":65,"loc":{"start":{"line":65,"column":22},"end":{"line":65,"column":51}},"locations":[{"start":{"line":65,"column":22},"end":{"line":65,"column":51}}]},"11":{"type":"branch","line":66,"loc":{"start":{"line":66,"column":23},"end":{"line":66,"column":53}},"locations":[{"start":{"line":66,"column":23},"end":{"line":66,"column":53}}]},"12":{"type":"branch","line":67,"loc":{"start":{"line":67,"column":21},"end":{"line":67,"column":49}},"locations":[{"start":{"line":67,"column":21},"end":{"line":67,"column":49}}]},"13":{"type":"branch","line":68,"loc":{"start":{"line":68,"column":21},"end":{"line":68,"column":49}},"locations":[{"start":{"line":68,"column":21},"end":{"line":68,"column":49}}]}},"b":{"0":[73],"1":[73],"2":[3],"3":[1],"4":[3],"5":[1],"6":[0],"7":[1],"8":[4],"9":[0],"10":[1],"11":[1],"12":[1],"13":[1]},"fnMap":{"0":{"name":"<instance_members_initializer>","decl":{"start":{"line":9,"column":27},"end":{"line":60,"column":1}},"loc":{"start":{"line":9,"column":27},"end":{"line":60,"column":1}},"line":9},"1":{"name":"RevocationAPI","decl":{"start":{"line":12,"column":2},"end":{"line":14,"column":3}},"loc":{"start":{"line":12,"column":2},"end":{"line":14,"column":3}},"line":12},"2":{"name":"submit","decl":{"start":{"line":23,"column":2},"end":{"line":40,"column":3}},"loc":{"start":{"line":23,"column":2},"end":{"line":40,"column":3}},"line":23},"3":{"name":"list","decl":{"start":{"line":47,"column":2},"end":{"line":59,"column":3}},"loc":{"start":{"line":47,"column":2},"end":{"line":59,"column":3}},"line":47},"4":{"name":"parseRevocation","decl":{"start":{"line":62,"column":7},"end":{"line":70,"column":1}},"loc":{"start":{"line":62,"column":7},"end":{"line":70,"column":1}},"line":62}},"f":{"0":73,"1":73,"2":3,"3":3,"4":4}}
}
